# JRE version: OpenJDK Runtime Environment (11.0.12+7) (build 11.0.12+7-b1504.28-7817840)
# Java VM: OpenJDK 64-Bit Server VM (11.0.12+7-b1504.28-7817840, mixed mode, tiered, compressed oops, g1 gc, windows-amd64)
Heap:
 garbage-first heap   total 232448K, used 115127K [0x0000000080000000, 0x0000000100000000)
  region size 1024K, 5 young (5120K), 5 survivors (5120K)
 Metaspace       used 96246K, capacity 98433K, committed 98764K, reserved 1134592K
  class space    used 12299K, capacity 13141K, committed 13312K, reserved 1048576K
GC Heap History (20 events):
Event: 8.719 GC heap after
{Heap after GC invocations=25 (full 0):
 garbage-first heap   total 133120K, used 63289K [0x0000000080000000, 0x0000000100000000)
  region size 1024K, 6 young (6144K), 6 survivors (6144K)
 Metaspace       used 69030K, capacity 70677K, committed 70860K, reserved 1110016K
  class space    used 8740K, capacity 9359K, committed 9472K, reserved 1048576K
}
Event: 9.329 GC heap before
{Heap before GC invocations=25 (full 0):
 garbage-first heap   total 133120K, used 103225K [0x0000000080000000, 0x0000000100000000)
  region size 1024K, 45 young (46080K), 6 survivors (6144K)
 Metaspace       used 73968K, capacity 75596K, committed 75724K, reserved 1114112K
  class space    used 9546K, capacity 10145K, committed 10240K, reserved 1048576K
}
Event: 9.336 GC heap after
{Heap after GC invocations=26 (full 0):
 garbage-first heap   total 133120K, used 65830K [0x0000000080000000, 0x0000000100000000)
  region size 1024K, 3 young (3072K), 3 survivors (3072K)
 Metaspace       used 73968K, capacity 75596K, committed 75724K, reserved 1114112K
  class space    used 9546K, capacity 10145K, committed 10240K, reserved 1048576K
}
Event: 9.600 GC heap before
{Heap before GC invocations=26 (full 0):
 garbage-first heap   total 133120K, used 105766K [0x0000000080000000, 0x0000000100000000)
  region size 1024K, 42 young (43008K), 3 survivors (3072K)
 Metaspace       used 75565K, capacity 77291K, committed 77388K, reserved 1116160K
  class space    used 9752K, capacity 10362K, committed 10368K, reserved 1048576K
}
Event: 9.608 GC heap after
{Heap after GC invocations=27 (full 0):
 garbage-first heap   total 159744K, used 68554K [0x0000000080000000, 0x0000000100000000)
  region size 1024K, 6 young (6144K), 6 survivors (6144K)
 Metaspace       used 75565K, capacity 77291K, committed 77388K, reserved 1116160K
  class space    used 9752K, capacity 10362K, committed 10368K, reserved 1048576K
}
Event: 10.214 GC heap before
{Heap before GC invocations=28 (full 0):
 garbage-first heap   total 159744K, used 120778K [0x0000000080000000, 0x0000000100000000)
  region size 1024K, 57 young (58368K), 6 survivors (6144K)
 Metaspace       used 79688K, capacity 81440K, committed 81612K, reserved 1120256K
  class space    used 10339K, capacity 11000K, committed 11008K, reserved 1048576K
}
Event: 10.223 GC heap after
{Heap after GC invocations=29 (full 0):
 garbage-first heap   total 159744K, used 72292K [0x0000000080000000, 0x0000000100000000)
  region size 1024K, 7 young (7168K), 7 survivors (7168K)
 Metaspace       used 79688K, capacity 81440K, committed 81612K, reserved 1120256K
  class space    used 10339K, capacity 11000K, committed 11008K, reserved 1048576K
}
Event: 10.811 GC heap before
{Heap before GC invocations=29 (full 0):
 garbage-first heap   total 159744K, used 126564K [0x0000000080000000, 0x0000000100000000)
  region size 1024K, 60 young (61440K), 7 survivors (7168K)
 Metaspace       used 84894K, capacity 86802K, committed 86988K, reserved 1124352K
  class space    used 11015K, capacity 11683K, committed 11776K, reserved 1048576K
}
Event: 10.820 GC heap after
{Heap after GC invocations=30 (full 0):
 garbage-first heap   total 159744K, used 77072K [0x0000000080000000, 0x0000000100000000)
  region size 1024K, 8 young (8192K), 8 survivors (8192K)
 Metaspace       used 84894K, capacity 86802K, committed 86988K, reserved 1124352K
  class space    used 11015K, capacity 11683K, committed 11776K, reserved 1048576K
}
Event: 11.780 GC heap before
{Heap before GC invocations=30 (full 0):
 garbage-first heap   total 159744K, used 126224K [0x0000000080000000, 0x0000000100000000)
  region size 1024K, 57 young (58368K), 8 survivors (8192K)
 Metaspace       used 88453K, capacity 90678K, committed 90956K, reserved 1128448K
  class space    used 11477K, capacity 12329K, committed 12416K, reserved 1048576K
}
Event: 11.795 GC heap after
{Heap after GC invocations=31 (full 0):
 garbage-first heap   total 159744K, used 82634K [0x0000000080000000, 0x0000000100000000)
  region size 1024K, 6 young (6144K), 6 survivors (6144K)
 Metaspace       used 88453K, capacity 90678K, committed 90956K, reserved 1128448K
  class space    used 11477K, capacity 12329K, committed 12416K, reserved 1048576K
}
Event: 12.516 GC heap before
{Heap before GC invocations=31 (full 0):
 garbage-first heap   total 159744K, used 127690K [0x0000000080000000, 0x0000000100000000)
  region size 1024K, 51 young (52224K), 6 survivors (6144K)
 Metaspace       used 89000K, capacity 91291K, committed 91468K, reserved 1128448K
  class space    used 11502K, capacity 12348K, committed 12416K, reserved 1048576K
}
Event: 12.528 GC heap after
{Heap after GC invocations=32 (full 0):
 garbage-first heap   total 192512K, used 86652K [0x0000000080000000, 0x0000000100000000)
  region size 1024K, 4 young (4096K), 4 survivors (4096K)
 Metaspace       used 89000K, capacity 91291K, committed 91468K, reserved 1128448K
  class space    used 11502K, capacity 12348K, committed 12416K, reserved 1048576K
}
Event: 13.419 GC heap before
{Heap before GC invocations=33 (full 0):
 garbage-first heap   total 192512K, used 147068K [0x0000000080000000, 0x0000000100000000)
  region size 1024K, 62 young (63488K), 4 survivors (4096K)
 Metaspace       used 91009K, capacity 93311K, committed 93516K, reserved 1130496K
  class space    used 11743K, capacity 12591K, committed 12672K, reserved 1048576K
}
Event: 13.434 GC heap after
{Heap after GC invocations=34 (full 0):
 garbage-first heap   total 192512K, used 101906K [0x0000000080000000, 0x0000000100000000)
  region size 1024K, 8 young (8192K), 8 survivors (8192K)
 Metaspace       used 91009K, capacity 93311K, committed 93516K, reserved 1130496K
  class space    used 11743K, capacity 12591K, committed 12672K, reserved 1048576K
}
Event: 13.649 GC heap before
{Heap before GC invocations=34 (full 0):
 garbage-first heap   total 192512K, used 117266K [0x0000000080000000, 0x0000000100000000)
  region size 1024K, 25 young (25600K), 8 survivors (8192K)
 Metaspace       used 92996K, capacity 95247K, committed 95564K, reserved 1132544K
  class space    used 11992K, capacity 12853K, committed 12928K, reserved 1048576K
}
Event: 13.680 GC heap after
{Heap after GC invocations=35 (full 0):
 garbage-first heap   total 192512K, used 110592K [0x0000000080000000, 0x0000000100000000)
  region size 1024K, 7 young (7168K), 7 survivors (7168K)
 Metaspace       used 92996K, capacity 95247K, committed 95564K, reserved 1132544K
  class space    used 11992K, capacity 12853K, committed 12928K, reserved 1048576K
}
Event: 14.126 GC heap before
{Heap before GC invocations=36 (full 0):
 garbage-first heap   total 192512K, used 157696K [0x0000000080000000, 0x0000000100000000)
  region size 1024K, 37 young (37888K), 7 survivors (7168K)
 Metaspace       used 95772K, capacity 98036K, committed 98508K, reserved 1134592K
  class space    used 12260K, capacity 13106K, committed 13312K, reserved 1048576K
}
Event: 14.135 GC heap after
{Heap after GC invocations=37 (full 0):
 garbage-first heap   total 192512K, used 112506K [0x0000000080000000, 0x0000000100000000)
  region size 1024K, 2 young (2048K), 2 survivors (2048K)
 Metaspace       used 95772K, capacity 98036K, committed 98508K, reserved 1134592K
  class space    used 12260K, capacity 13106K, committed 13312K, reserved 1048576K
}
Event: 14.385 GC heap before
{Heap before GC invocations=37 (full 0):
 garbage-first heap   total 192512K, used 143226K [0x0000000080000000, 0x0000000100000000)
  region size 1024K, 33 young (33792K), 2 survivors (2048K)
 Metaspace       used 96246K, capacity 98433K, committed 98764K, reserved 1134592K
  class space    used 12299K, capacity 13141K, committed 13312K, reserved 1048576K
}

