# JRE version: OpenJDK Runtime Environment (11.0.12+7) (build 11.0.12+7-b1504.28-7817840)
# Java VM: OpenJDK 64-Bit Server VM (11.0.12+7-b1504.28-7817840, mixed mode, tiered, compressed oops, g1 gc, windows-amd64)
Heap:
 garbage-first heap   total 231424K, used 118703K [0x0000000080000000, 0x0000000100000000)
  region size 1024K, 2 young (2048K), 2 survivors (2048K)
 Metaspace       used 89469K, capacity 91673K, committed 91980K, reserved 1128448K
  class space    used 11537K, capacity 12297K, committed 12364K, reserved 1048576K
GC Heap History (20 events):
Event: 8.282 GC heap after
{Heap after GC invocations=31 (full 0):
 garbage-first heap   total 159744K, used 80438K [0x0000000080000000, 0x0000000100000000)
  region size 1024K, 6 young (6144K), 6 survivors (6144K)
 Metaspace       used 61915K, capacity 63668K, committed 63948K, reserved 1103872K
  class space    used 7952K, capacity 8556K, committed 8652K, reserved 1048576K
}
Event: 8.804 GC heap before
{Heap before GC invocations=31 (full 0):
 garbage-first heap   total 159744K, used 115254K [0x0000000080000000, 0x0000000100000000)
  region size 1024K, 41 young (41984K), 6 survivors (6144K)
 Metaspace       used 67177K, capacity 68969K, committed 69068K, reserved 1110016K
  class space    used 8554K, capacity 9147K, committed 9164K, reserved 1048576K
}
Event: 8.808 GC heap after
{Heap after GC invocations=32 (full 0):
 garbage-first heap   total 159744K, used 82446K [0x0000000080000000, 0x0000000100000000)
  region size 1024K, 2 young (2048K), 2 survivors (2048K)
 Metaspace       used 67177K, capacity 68969K, committed 69068K, reserved 1110016K
  class space    used 8554K, capacity 9147K, committed 9164K, reserved 1048576K
}
Event: 9.281 GC heap before
{Heap before GC invocations=33 (full 0):
 garbage-first heap   total 159744K, used 118286K [0x0000000080000000, 0x0000000100000000)
  region size 1024K, 38 young (38912K), 2 survivors (2048K)
 Metaspace       used 70535K, capacity 72323K, committed 72652K, reserved 1112064K
  class space    used 8988K, capacity 9582K, committed 9676K, reserved 1048576K
}
Event: 9.286 GC heap after
{Heap after GC invocations=34 (full 0):
 garbage-first heap   total 159744K, used 85379K [0x0000000080000000, 0x0000000100000000)
  region size 1024K, 5 young (5120K), 5 survivors (5120K)
 Metaspace       used 70535K, capacity 72323K, committed 72652K, reserved 1112064K
  class space    used 8988K, capacity 9582K, committed 9676K, reserved 1048576K
}
Event: 9.559 GC heap before
{Heap before GC invocations=34 (full 0):
 garbage-first heap   total 159744K, used 115075K [0x0000000080000000, 0x0000000100000000)
  region size 1024K, 35 young (35840K), 5 survivors (5120K)
 Metaspace       used 72865K, capacity 74703K, committed 74956K, reserved 1114112K
  class space    used 9294K, capacity 9922K, committed 9932K, reserved 1048576K
}
Event: 9.567 GC heap after
{Heap after GC invocations=35 (full 0):
 garbage-first heap   total 159744K, used 87419K [0x0000000080000000, 0x0000000100000000)
  region size 1024K, 3 young (3072K), 3 survivors (3072K)
 Metaspace       used 72865K, capacity 74703K, committed 74956K, reserved 1114112K
  class space    used 9294K, capacity 9922K, committed 9932K, reserved 1048576K
}
Event: 10.025 GC heap before
{Heap before GC invocations=36 (full 0):
 garbage-first heap   total 159744K, used 125307K [0x0000000080000000, 0x0000000100000000)
  region size 1024K, 39 young (39936K), 3 survivors (3072K)
 Metaspace       used 75966K, capacity 77823K, committed 77900K, reserved 1116160K
  class space    used 9675K, capacity 10274K, committed 10316K, reserved 1048576K
}
Event: 10.029 GC heap after
{Heap after GC invocations=37 (full 0):
 garbage-first heap   total 159744K, used 88930K [0x0000000080000000, 0x0000000100000000)
  region size 1024K, 4 young (4096K), 4 survivors (4096K)
 Metaspace       used 75966K, capacity 77823K, committed 77900K, reserved 1116160K
  class space    used 9675K, capacity 10274K, committed 10316K, reserved 1048576K
}
Event: 10.206 GC heap before
{Heap before GC invocations=37 (full 0):
 garbage-first heap   total 159744K, used 125794K [0x0000000080000000, 0x0000000100000000)
  region size 1024K, 40 young (40960K), 4 survivors (4096K)
 Metaspace       used 76224K, capacity 78159K, committed 78284K, reserved 1118208K
  class space    used 9726K, capacity 10386K, committed 10444K, reserved 1048576K
}
Event: 10.214 GC heap after
{Heap after GC invocations=38 (full 0):
 garbage-first heap   total 159744K, used 92055K [0x0000000080000000, 0x0000000100000000)
  region size 1024K, 5 young (5120K), 5 survivors (5120K)
 Metaspace       used 76224K, capacity 78159K, committed 78284K, reserved 1118208K
  class space    used 9726K, capacity 10386K, committed 10444K, reserved 1048576K
}
Event: 10.628 GC heap before
{Heap before GC invocations=39 (full 0):
 garbage-first heap   total 159744K, used 128919K [0x0000000080000000, 0x0000000100000000)
  region size 1024K, 41 young (41984K), 5 survivors (5120K)
 Metaspace       used 79765K, capacity 81666K, committed 81868K, reserved 1120256K
  class space    used 10256K, capacity 10913K, committed 10956K, reserved 1048576K
}
Event: 10.637 GC heap after
{Heap after GC invocations=40 (full 0):
 garbage-first heap   total 192512K, used 94497K [0x0000000080000000, 0x0000000100000000)
  region size 1024K, 6 young (6144K), 6 survivors (6144K)
 Metaspace       used 79765K, capacity 81666K, committed 81868K, reserved 1120256K
  class space    used 10256K, capacity 10913K, committed 10956K, reserved 1048576K
}
Event: 11.119 GC heap before
{Heap before GC invocations=40 (full 0):
 garbage-first heap   total 192512K, used 144673K [0x0000000080000000, 0x0000000100000000)
  region size 1024K, 55 young (56320K), 6 survivors (6144K)
 Metaspace       used 82700K, capacity 84698K, committed 84940K, reserved 1122304K
  class space    used 10734K, capacity 11424K, committed 11468K, reserved 1048576K
}
Event: 11.127 GC heap after
{Heap after GC invocations=41 (full 0):
 garbage-first heap   total 192512K, used 97807K [0x0000000080000000, 0x0000000100000000)
  region size 1024K, 6 young (6144K), 6 survivors (6144K)
 Metaspace       used 82700K, capacity 84698K, committed 84940K, reserved 1122304K
  class space    used 10734K, capacity 11424K, committed 11468K, reserved 1048576K
}
Event: 11.493 GC heap before
{Heap before GC invocations=42 (full 0):
 garbage-first heap   total 192512K, used 125455K [0x0000000080000000, 0x0000000100000000)
  region size 1024K, 35 young (35840K), 6 survivors (6144K)
 Metaspace       used 85841K, capacity 87961K, committed 88140K, reserved 1126400K
  class space    used 11052K, capacity 11803K, committed 11852K, reserved 1048576K
}
Event: 11.502 GC heap after
{Heap after GC invocations=43 (full 0):
 garbage-first heap   total 192512K, used 101632K [0x0000000080000000, 0x0000000100000000)
  region size 1024K, 8 young (8192K), 8 survivors (8192K)
 Metaspace       used 85841K, capacity 87961K, committed 88140K, reserved 1126400K
  class space    used 11052K, capacity 11803K, committed 11852K, reserved 1048576K
}
Event: 12.249 GC heap before
{Heap before GC invocations=44 (full 0):
 garbage-first heap   total 192512K, used 160000K [0x0000000080000000, 0x0000000100000000)
  region size 1024K, 55 young (56320K), 8 survivors (8192K)
 Metaspace       used 88037K, capacity 90229K, committed 90316K, reserved 1128448K
  class space    used 11376K, capacity 12163K, committed 12236K, reserved 1048576K
}
Event: 12.262 GC heap after
{Heap after GC invocations=45 (full 0):
 garbage-first heap   total 192512K, used 116965K [0x0000000080000000, 0x0000000100000000)
  region size 1024K, 7 young (7168K), 7 survivors (7168K)
 Metaspace       used 88037K, capacity 90229K, committed 90316K, reserved 1128448K
  class space    used 11376K, capacity 12163K, committed 12236K, reserved 1048576K
}
Event: 13.940 GC heap before
{Heap before GC invocations=45 (full 0):
 garbage-first heap   total 192512K, used 127205K [0x0000000080000000, 0x0000000100000000)
  region size 1024K, 18 young (18432K), 7 survivors (7168K)
 Metaspace       used 89469K, capacity 91673K, committed 91980K, reserved 1128448K
  class space    used 11537K, capacity 12297K, committed 12364K, reserved 1048576K
}

