# JRE version: OpenJDK Runtime Environment (11.0.12+7) (build 11.0.12+7-b1504.28-7817840)
# Java VM: OpenJDK 64-Bit Server VM (11.0.12+7-b1504.28-7817840, mixed mode, tiered, compressed oops, g1 gc, windows-amd64)
Heap:
 garbage-first heap   total 195584K, used 113345K [0x0000000080000000, 0x0000000100000000)
  region size 1024K, 27 young (27648K), 5 survivors (5120K)
 Metaspace       used 94203K, capacity 96334K, committed 96588K, reserved 1132544K
  class space    used 12120K, capacity 12904K, committed 12928K, reserved 1048576K
GC Heap History (20 events):
Event: 11.210 GC heap before
{Heap before GC invocations=28 (full 0):
 garbage-first heap   total 112640K, used 93031K [0x0000000080000000, 0x0000000100000000)
  region size 1024K, 31 young (31744K), 3 survivors (3072K)
 Metaspace       used 74423K, capacity 76065K, committed 76236K, reserved 1116160K
  class space    used 9601K, capacity 10214K, committed 10240K, reserved 1048576K
}
Event: 11.215 GC heap after
{Heap after GC invocations=29 (full 0):
 garbage-first heap   total 135168K, used 65683K [0x0000000080000000, 0x0000000100000000)
  region size 1024K, 2 young (2048K), 2 survivors (2048K)
 Metaspace       used 74423K, capacity 76065K, committed 76236K, reserved 1116160K
  class space    used 9601K, capacity 10214K, committed 10240K, reserved 1048576K
}
Event: 11.495 GC heap before
{Heap before GC invocations=30 (full 0):
 garbage-first heap   total 135168K, used 105619K [0x0000000080000000, 0x0000000100000000)
  region size 1024K, 41 young (41984K), 2 survivors (2048K)
 Metaspace       used 75981K, capacity 77658K, committed 77772K, reserved 1116160K
  class space    used 9817K, capacity 10462K, committed 10496K, reserved 1048576K
}
Event: 11.499 GC heap after
{Heap after GC invocations=31 (full 0):
 garbage-first heap   total 135168K, used 68225K [0x0000000080000000, 0x0000000100000000)
  region size 1024K, 5 young (5120K), 5 survivors (5120K)
 Metaspace       used 75981K, capacity 77658K, committed 77772K, reserved 1116160K
  class space    used 9817K, capacity 10462K, committed 10496K, reserved 1048576K
}
Event: 11.926 GC heap before
{Heap before GC invocations=31 (full 0):
 garbage-first heap   total 135168K, used 107137K [0x0000000080000000, 0x0000000100000000)
  region size 1024K, 43 young (44032K), 5 survivors (5120K)
 Metaspace       used 79334K, capacity 81164K, committed 81356K, reserved 1120256K
  class space    used 10323K, capacity 11003K, committed 11008K, reserved 1048576K
}
Event: 11.938 GC heap after
{Heap after GC invocations=32 (full 0):
 garbage-first heap   total 135168K, used 70718K [0x0000000080000000, 0x0000000100000000)
  region size 1024K, 6 young (6144K), 6 survivors (6144K)
 Metaspace       used 79334K, capacity 81164K, committed 81356K, reserved 1120256K
  class space    used 10323K, capacity 11003K, committed 11008K, reserved 1048576K
}
Event: 12.650 GC heap before
{Heap before GC invocations=33 (full 0):
 garbage-first heap   total 135168K, used 109630K [0x0000000080000000, 0x0000000100000000)
  region size 1024K, 44 young (45056K), 6 survivors (6144K)
 Metaspace       used 83392K, capacity 85248K, committed 85580K, reserved 1124352K
  class space    used 10845K, capacity 11535K, committed 11648K, reserved 1048576K
}
Event: 12.659 GC heap after
{Heap after GC invocations=34 (full 0):
 garbage-first heap   total 135168K, used 73554K [0x0000000080000000, 0x0000000100000000)
  region size 1024K, 6 young (6144K), 6 survivors (6144K)
 Metaspace       used 83392K, capacity 85248K, committed 85580K, reserved 1124352K
  class space    used 10845K, capacity 11535K, committed 11648K, reserved 1048576K
}
Event: 13.022 GC heap before
{Heap before GC invocations=34 (full 0):
 garbage-first heap   total 135168K, used 109394K [0x0000000080000000, 0x0000000100000000)
  region size 1024K, 42 young (43008K), 6 survivors (6144K)
 Metaspace       used 86489K, capacity 88435K, committed 88652K, reserved 1126400K
  class space    used 11172K, capacity 11899K, committed 11904K, reserved 1048576K
}
Event: 13.033 GC heap after
{Heap after GC invocations=35 (full 0):
 garbage-first heap   total 135168K, used 77824K [0x0000000080000000, 0x0000000100000000)
  region size 1024K, 6 young (6144K), 6 survivors (6144K)
 Metaspace       used 86489K, capacity 88435K, committed 88652K, reserved 1126400K
  class space    used 11172K, capacity 11899K, committed 11904K, reserved 1048576K
}
Event: 14.009 GC heap before
{Heap before GC invocations=36 (full 0):
 garbage-first heap   total 135168K, used 110592K [0x0000000080000000, 0x0000000100000000)
  region size 1024K, 39 young (39936K), 6 survivors (6144K)
 Metaspace       used 88387K, capacity 90498K, committed 90572K, reserved 1128448K
  class space    used 11447K, capacity 12245K, committed 12288K, reserved 1048576K
}
Event: 14.023 GC heap after
{Heap after GC invocations=37 (full 0):
 garbage-first heap   total 162816K, used 81624K [0x0000000080000000, 0x0000000100000000)
  region size 1024K, 4 young (4096K), 4 survivors (4096K)
 Metaspace       used 88387K, capacity 90498K, committed 90572K, reserved 1128448K
  class space    used 11447K, capacity 12245K, committed 12288K, reserved 1048576K
}
Event: 15.017 GC heap before
{Heap before GC invocations=37 (full 0):
 garbage-first heap   total 162816K, used 122584K [0x0000000080000000, 0x0000000100000000)
  region size 1024K, 45 young (46080K), 4 survivors (4096K)
 Metaspace       used 88780K, capacity 90883K, committed 91084K, reserved 1128448K
  class space    used 11459K, capacity 12259K, committed 12288K, reserved 1048576K
}
Event: 15.025 GC heap after
{Heap after GC invocations=38 (full 0):
 garbage-first heap   total 162816K, used 84442K [0x0000000080000000, 0x0000000100000000)
  region size 1024K, 3 young (3072K), 3 survivors (3072K)
 Metaspace       used 88780K, capacity 90883K, committed 91084K, reserved 1128448K
  class space    used 11459K, capacity 12259K, committed 12288K, reserved 1048576K
}
Event: 15.821 GC heap before
{Heap before GC invocations=39 (full 0):
 garbage-first heap   total 162816K, used 128474K [0x0000000080000000, 0x0000000100000000)
  region size 1024K, 47 young (48128K), 3 survivors (3072K)
 Metaspace       used 89355K, capacity 91469K, committed 91724K, reserved 1128448K
  class space    used 11499K, capacity 12304K, committed 12416K, reserved 1048576K
}
Event: 15.830 GC heap after
{Heap after GC invocations=40 (full 0):
 garbage-first heap   total 162816K, used 87763K [0x0000000080000000, 0x0000000100000000)
  region size 1024K, 6 young (6144K), 6 survivors (6144K)
 Metaspace       used 89355K, capacity 91469K, committed 91724K, reserved 1128448K
  class space    used 11499K, capacity 12304K, committed 12416K, reserved 1048576K
}
Event: 16.435 GC heap before
{Heap before GC invocations=40 (full 0):
 garbage-first heap   total 162816K, used 129747K [0x0000000080000000, 0x0000000100000000)
  region size 1024K, 48 young (49152K), 6 survivors (6144K)
 Metaspace       used 89956K, capacity 92175K, committed 92492K, reserved 1130496K
  class space    used 11566K, capacity 12350K, committed 12416K, reserved 1048576K
}
Event: 16.449 GC heap after
{Heap after GC invocations=41 (full 0):
 garbage-first heap   total 162816K, used 90900K [0x0000000080000000, 0x0000000100000000)
  region size 1024K, 4 young (4096K), 4 survivors (4096K)
 Metaspace       used 89956K, capacity 92175K, committed 92492K, reserved 1130496K
  class space    used 11566K, capacity 12350K, committed 12416K, reserved 1048576K
}
Event: 16.798 GC heap before
{Heap before GC invocations=42 (full 0):
 garbage-first heap   total 162816K, used 131860K [0x0000000080000000, 0x0000000100000000)
  region size 1024K, 45 young (46080K), 4 survivors (4096K)
 Metaspace       used 92631K, capacity 94798K, committed 95180K, reserved 1132544K
  class space    used 11928K, capacity 12712K, committed 12800K, reserved 1048576K
}
Event: 16.805 GC heap after
{Heap after GC invocations=43 (full 0):
 garbage-first heap   total 195584K, used 91841K [0x0000000080000000, 0x0000000100000000)
  region size 1024K, 5 young (5120K), 5 survivors (5120K)
 Metaspace       used 92631K, capacity 94798K, committed 95180K, reserved 1132544K
  class space    used 11928K, capacity 12712K, committed 12800K, reserved 1048576K
}

