# JRE version: OpenJDK Runtime Environment (11.0.12+7) (build 11.0.12+7-b1504.28-7817840)
# Java VM: OpenJDK 64-Bit Server VM (11.0.12+7-b1504.28-7817840, mixed mode, tiered, compressed oops, g1 gc, windows-amd64)
Heap:
 garbage-first heap   total 76800K, used 21736K [0x00000000c2e00000, 0x0000000100000000)
  region size 1024K, 4 young (4096K), 4 survivors (4096K)
 Metaspace       used 30118K, capacity 30538K, committed 30720K, reserved 1077248K
  class space    used 3573K, capacity 3731K, committed 3840K, reserved 1048576K
GC Heap History (9 events):
Event: 0.337 GC heap before
{Heap before GC invocations=0 (full 0):
 garbage-first heap   total 63488K, used 17408K [0x00000000c2e00000, 0x0000000100000000)
  region size 1024K, 14 young (14336K), 0 survivors (0K)
 Metaspace       used 9803K, capacity 9874K, committed 10112K, reserved 1058816K
  class space    used 838K, capacity 885K, committed 896K, reserved 1048576K
}
Event: 0.340 GC heap after
{Heap after GC invocations=1 (full 0):
 garbage-first heap   total 63488K, used 5216K [0x00000000c2e00000, 0x0000000100000000)
  region size 1024K, 2 young (2048K), 2 survivors (2048K)
 Metaspace       used 9803K, capacity 9874K, committed 10112K, reserved 1058816K
  class space    used 838K, capacity 885K, committed 896K, reserved 1048576K
}
Event: 0.825 GC heap before
{Heap before GC invocations=1 (full 0):
 garbage-first heap   total 63488K, used 41056K [0x00000000c2e00000, 0x0000000100000000)
  region size 1024K, 37 young (37888K), 2 survivors (2048K)
 Metaspace       used 18112K, capacity 18382K, committed 18688K, reserved 1067008K
  class space    used 1836K, capacity 1941K, committed 2048K, reserved 1048576K
}
Event: 0.834 GC heap after
{Heap after GC invocations=2 (full 0):
 garbage-first heap   total 63488K, used 8551K [0x00000000c2e00000, 0x0000000100000000)
  region size 1024K, 5 young (5120K), 5 survivors (5120K)
 Metaspace       used 18112K, capacity 18382K, committed 18688K, reserved 1067008K
  class space    used 1836K, capacity 1941K, committed 2048K, reserved 1048576K
}
Event: 0.974 GC heap before
{Heap before GC invocations=2 (full 0):
 garbage-first heap   total 63488K, used 17767K [0x00000000c2e00000, 0x0000000100000000)
  region size 1024K, 15 young (15360K), 5 survivors (5120K)
 Metaspace       used 20743K, capacity 20990K, committed 21248K, reserved 1069056K
  class space    used 2197K, capacity 2280K, committed 2304K, reserved 1048576K
}
Event: 0.984 GC heap after
{Heap after GC invocations=3 (full 0):
 garbage-first heap   total 63488K, used 9427K [0x00000000c2e00000, 0x0000000100000000)
  region size 1024K, 1 young (1024K), 1 survivors (1024K)
 Metaspace       used 20743K, capacity 20990K, committed 21248K, reserved 1069056K
  class space    used 2197K, capacity 2280K, committed 2304K, reserved 1048576K
}
Event: 1.451 GC heap before
{Heap before GC invocations=4 (full 0):
 garbage-first heap   total 63488K, used 34003K [0x00000000c2e00000, 0x0000000100000000)
  region size 1024K, 23 young (23552K), 1 survivors (1024K)
 Metaspace       used 27388K, capacity 27804K, committed 28032K, reserved 1075200K
  class space    used 2963K, capacity 3138K, committed 3200K, reserved 1048576K
}
Event: 1.455 GC heap after
{Heap after GC invocations=5 (full 0):
 garbage-first heap   total 63488K, used 14191K [0x00000000c2e00000, 0x0000000100000000)
  region size 1024K, 3 young (3072K), 3 survivors (3072K)
 Metaspace       used 27388K, capacity 27804K, committed 28032K, reserved 1075200K
  class space    used 2963K, capacity 3138K, committed 3200K, reserved 1048576K
}
Event: 2.421 GC heap before
{Heap before GC invocations=5 (full 0):
 garbage-first heap   total 63488K, used 37743K [0x00000000c2e00000, 0x0000000100000000)
  region size 1024K, 25 young (25600K), 3 survivors (3072K)
 Metaspace       used 30118K, capacity 30538K, committed 30720K, reserved 1077248K
  class space    used 3573K, capacity 3731K, committed 3840K, reserved 1048576K
}

