# JRE version: OpenJDK Runtime Environment (11.0.12+7) (build 11.0.12+7-b1504.28-7817840)
# Java VM: OpenJDK 64-Bit Server VM (11.0.12+7-b1504.28-7817840, mixed mode, tiered, compressed oops, g1 gc, windows-amd64)
Heap:
 garbage-first heap   total 192512K, used 132367K [0x0000000080000000, 0x0000000100000000)
  region size 1024K, 19 young (19456K), 5 survivors (5120K)
 Metaspace       used 96723K, capacity 99179K, committed 99328K, reserved 1134592K
  class space    used 12409K, capacity 13242K, committed 13312K, reserved 1048576K
GC Heap History (20 events):
Event: 10.410 GC heap before
{Heap before GC invocations=40 (full 0):
 garbage-first heap   total 159744K, used 129003K [0x0000000080000000, 0x0000000100000000)
  region size 1024K, 43 young (44032K), 6 survivors (6144K)
 Metaspace       used 77709K, capacity 79548K, committed 79616K, reserved 1118208K
  class space    used 10060K, capacity 10716K, committed 10752K, reserved 1048576K
}
Event: 10.420 GC heap after
{Heap after GC invocations=41 (full 0):
 garbage-first heap   total 159744K, used 93723K [0x0000000080000000, 0x0000000100000000)
  region size 1024K, 6 young (6144K), 6 survivors (6144K)
 Metaspace       used 77709K, capacity 79548K, committed 79616K, reserved 1118208K
  class space    used 10060K, capacity 10716K, committed 10752K, reserved 1048576K
}
Event: 10.962 GC heap before
{Heap before GC invocations=42 (full 0):
 garbage-first heap   total 159744K, used 128539K [0x0000000080000000, 0x0000000100000000)
  region size 1024K, 41 young (41984K), 6 survivors (6144K)
 Metaspace       used 80120K, capacity 82003K, committed 82176K, reserved 1120256K
  class space    used 10296K, capacity 10975K, committed 11008K, reserved 1048576K
}
Event: 10.972 GC heap after
{Heap after GC invocations=43 (full 0):
 garbage-first heap   total 192512K, used 97571K [0x0000000080000000, 0x0000000100000000)
  region size 1024K, 6 young (6144K), 6 survivors (6144K)
 Metaspace       used 80120K, capacity 82003K, committed 82176K, reserved 1120256K
  class space    used 10296K, capacity 10975K, committed 11008K, reserved 1048576K
}
Event: 11.154 GC heap before
{Heap before GC invocations=43 (full 0):
 garbage-first heap   total 192512K, used 102691K [0x0000000080000000, 0x0000000100000000)
  region size 1024K, 12 young (12288K), 6 survivors (6144K)
 Metaspace       used 80997K, capacity 82912K, committed 83072K, reserved 1122304K
  class space    used 10400K, capacity 11106K, committed 11136K, reserved 1048576K
}
Event: 11.162 GC heap after
{Heap after GC invocations=44 (full 0):
 garbage-first heap   total 192512K, used 98717K [0x0000000080000000, 0x0000000100000000)
  region size 1024K, 1 young (1024K), 1 survivors (1024K)
 Metaspace       used 80997K, capacity 82912K, committed 83072K, reserved 1122304K
  class space    used 10400K, capacity 11106K, committed 11136K, reserved 1048576K
}
Event: 11.393 GC heap before
{Heap before GC invocations=45 (full 0):
 garbage-first heap   total 192512K, used 103837K [0x0000000080000000, 0x0000000100000000)
  region size 1024K, 2 young (2048K), 1 survivors (1024K)
 Metaspace       used 80997K, capacity 82912K, committed 83072K, reserved 1122304K
  class space    used 10400K, capacity 11106K, committed 11136K, reserved 1048576K
}
Event: 11.397 GC heap after
{Heap after GC invocations=46 (full 0):
 garbage-first heap   total 192512K, used 103772K [0x0000000080000000, 0x0000000100000000)
  region size 1024K, 1 young (1024K), 1 survivors (1024K)
 Metaspace       used 80997K, capacity 82912K, committed 83072K, reserved 1122304K
  class space    used 10400K, capacity 11106K, committed 11136K, reserved 1048576K
}
Event: 11.665 GC heap before
{Heap before GC invocations=47 (full 0):
 garbage-first heap   total 192512K, used 105820K [0x0000000080000000, 0x0000000100000000)
  region size 1024K, 3 young (3072K), 1 survivors (1024K)
 Metaspace       used 80997K, capacity 82912K, committed 83072K, reserved 1122304K
  class space    used 10400K, capacity 11106K, committed 11136K, reserved 1048576K
}
Event: 11.667 GC heap after
{Heap after GC invocations=48 (full 0):
 garbage-first heap   total 192512K, used 105578K [0x0000000080000000, 0x0000000100000000)
  region size 1024K, 2 young (2048K), 2 survivors (2048K)
 Metaspace       used 80997K, capacity 82912K, committed 83072K, reserved 1122304K
  class space    used 10400K, capacity 11106K, committed 11136K, reserved 1048576K
}
Event: 13.106 GC heap before
{Heap before GC invocations=49 (full 0):
 garbage-first heap   total 192512K, used 139370K [0x0000000080000000, 0x0000000100000000)
  region size 1024K, 31 young (31744K), 2 survivors (2048K)
 Metaspace       used 82657K, capacity 84767K, committed 84864K, reserved 1122304K
  class space    used 10649K, capacity 11392K, committed 11392K, reserved 1048576K
}
Event: 13.113 GC heap after
{Heap after GC invocations=50 (full 0):
 garbage-first heap   total 192512K, used 113058K [0x0000000080000000, 0x0000000100000000)
  region size 1024K, 4 young (4096K), 4 survivors (4096K)
 Metaspace       used 82657K, capacity 84767K, committed 84864K, reserved 1122304K
  class space    used 10649K, capacity 11392K, committed 11392K, reserved 1048576K
}
Event: 13.555 GC heap before
{Heap before GC invocations=50 (full 0):
 garbage-first heap   total 192512K, used 139682K [0x0000000080000000, 0x0000000100000000)
  region size 1024K, 31 young (31744K), 4 survivors (4096K)
 Metaspace       used 84705K, capacity 86855K, committed 86912K, reserved 1124352K
  class space    used 10888K, capacity 11634K, committed 11648K, reserved 1048576K
}
Event: 13.560 GC heap after
{Heap after GC invocations=51 (full 0):
 garbage-first heap   total 192512K, used 114634K [0x0000000080000000, 0x0000000100000000)
  region size 1024K, 2 young (2048K), 2 survivors (2048K)
 Metaspace       used 84705K, capacity 86855K, committed 86912K, reserved 1124352K
  class space    used 10888K, capacity 11634K, committed 11648K, reserved 1048576K
}
Event: 13.972 GC heap before
{Heap before GC invocations=52 (full 0):
 garbage-first heap   total 192512K, used 145354K [0x0000000080000000, 0x0000000100000000)
  region size 1024K, 31 young (31744K), 2 survivors (2048K)
 Metaspace       used 88479K, capacity 90778K, committed 91008K, reserved 1128448K
  class space    used 11347K, capacity 12151K, committed 12160K, reserved 1048576K
}
Event: 13.975 GC heap after
{Heap after GC invocations=53 (full 0):
 garbage-first heap   total 192512K, used 114932K [0x0000000080000000, 0x0000000100000000)
  region size 1024K, 2 young (2048K), 2 survivors (2048K)
 Metaspace       used 88479K, capacity 90778K, committed 91008K, reserved 1128448K
  class space    used 11347K, capacity 12151K, committed 12160K, reserved 1048576K
}
Event: 14.399 GC heap before
{Heap before GC invocations=53 (full 0):
 garbage-first heap   total 192512K, used 146676K [0x0000000080000000, 0x0000000100000000)
  region size 1024K, 33 young (33792K), 2 survivors (2048K)
 Metaspace       used 92324K, capacity 94615K, committed 94848K, reserved 1132544K
  class space    used 11841K, capacity 12604K, committed 12672K, reserved 1048576K
}
Event: 14.406 GC heap after
{Heap after GC invocations=54 (full 0):
 garbage-first heap   total 192512K, used 116669K [0x0000000080000000, 0x0000000100000000)
  region size 1024K, 4 young (4096K), 4 survivors (4096K)
 Metaspace       used 92324K, capacity 94615K, committed 94848K, reserved 1132544K
  class space    used 11841K, capacity 12604K, committed 12672K, reserved 1048576K
}
Event: 14.873 GC heap before
{Heap before GC invocations=55 (full 0):
 garbage-first heap   total 192512K, used 149437K [0x0000000080000000, 0x0000000100000000)
  region size 1024K, 36 young (36864K), 4 survivors (4096K)
 Metaspace       used 95318K, capacity 97741K, committed 97920K, reserved 1134592K
  class space    used 12264K, capacity 13106K, committed 13184K, reserved 1048576K
}
Event: 14.879 GC heap after
{Heap after GC invocations=56 (full 0):
 garbage-first heap   total 192512K, used 119055K [0x0000000080000000, 0x0000000100000000)
  region size 1024K, 5 young (5120K), 5 survivors (5120K)
 Metaspace       used 95318K, capacity 97741K, committed 97920K, reserved 1134592K
  class space    used 12264K, capacity 13106K, committed 13184K, reserved 1048576K
}

