# JRE version: OpenJDK Runtime Environment (11.0.12+7) (build 11.0.12+7-b1504.28-7817840)
# Java VM: OpenJDK 64-Bit Server VM (11.0.12+7-b1504.28-7817840, mixed mode, tiered, compressed oops, g1 gc, windows-amd64)
Heap:
 garbage-first heap   total 491520K, used 211968K [0x0000000080000000, 0x0000000100000000)
  region size 1024K, 2 young (2048K), 2 survivors (2048K)
 Metaspace       used 101613K, capacity 103919K, committed 104140K, reserved 1138688K
  class space    used 13191K, capacity 14058K, committed 14080K, reserved 1048576K
GC Heap History (20 events):
Event: 23.712 GC heap after
{Heap after GC invocations=43 (full 0):
 garbage-first heap   total 204800K, used 156412K [0x0000000080000000, 0x0000000100000000)
  region size 1024K, 4 young (4096K), 4 survivors (4096K)
 Metaspace       used 99304K, capacity 101510K, committed 101580K, reserved 1136640K
  class space    used 12749K, capacity 13557K, committed 13568K, reserved 1048576K
}
Event: 23.741 GC heap before
{Heap before GC invocations=44 (full 0):
 garbage-first heap   total 204800K, used 165628K [0x0000000080000000, 0x0000000100000000)
  region size 1024K, 15 young (15360K), 4 survivors (4096K)
 Metaspace       used 99304K, capacity 101510K, committed 101580K, reserved 1136640K
  class space    used 12749K, capacity 13557K, committed 13568K, reserved 1048576K
}
Event: 23.756 GC heap after
{Heap after GC invocations=45 (full 0):
 garbage-first heap   total 204800K, used 161740K [0x0000000080000000, 0x0000000100000000)
  region size 1024K, 3 young (3072K), 3 survivors (3072K)
 Metaspace       used 99304K, capacity 101510K, committed 101580K, reserved 1136640K
  class space    used 12749K, capacity 13557K, committed 13568K, reserved 1048576K
}
Event: 23.804 GC heap before
{Heap before GC invocations=45 (full 0):
 garbage-first heap   total 204800K, used 176076K [0x0000000080000000, 0x0000000100000000)
  region size 1024K, 14 young (14336K), 3 survivors (3072K)
 Metaspace       used 99304K, capacity 101510K, committed 101580K, reserved 1136640K
  class space    used 12749K, capacity 13557K, committed 13568K, reserved 1048576K
}
Event: 23.816 GC heap after
{Heap after GC invocations=46 (full 0):
 garbage-first heap   total 204800K, used 170179K [0x0000000080000000, 0x0000000100000000)
  region size 1024K, 2 young (2048K), 2 survivors (2048K)
 Metaspace       used 99304K, capacity 101510K, committed 101580K, reserved 1136640K
  class space    used 12749K, capacity 13557K, committed 13568K, reserved 1048576K
}
Event: 23.848 GC heap before
{Heap before GC invocations=46 (full 0):
 garbage-first heap   total 204800K, used 180419K [0x0000000080000000, 0x0000000100000000)
  region size 1024K, 10 young (10240K), 2 survivors (2048K)
 Metaspace       used 99304K, capacity 101510K, committed 101580K, reserved 1136640K
  class space    used 12749K, capacity 13557K, committed 13568K, reserved 1048576K
}
Event: 23.861 GC heap after
{Heap after GC invocations=47 (full 0):
 garbage-first heap   total 204800K, used 176128K [0x0000000080000000, 0x0000000100000000)
  region size 1024K, 2 young (2048K), 2 survivors (2048K)
 Metaspace       used 99304K, capacity 101510K, committed 101580K, reserved 1136640K
  class space    used 12749K, capacity 13557K, committed 13568K, reserved 1048576K
}
Event: 23.960 GC heap before
{Heap before GC invocations=47 (full 0):
 garbage-first heap   total 204800K, used 184320K [0x0000000080000000, 0x0000000100000000)
  region size 1024K, 10 young (10240K), 2 survivors (2048K)
 Metaspace       used 101028K, capacity 103364K, committed 103628K, reserved 1138688K
  class space    used 13162K, capacity 14032K, committed 14080K, reserved 1048576K
}
Event: 23.970 GC heap after
{Heap after GC invocations=48 (full 0):
 garbage-first heap   total 204800K, used 179362K [0x0000000080000000, 0x0000000100000000)
  region size 1024K, 2 young (2048K), 2 survivors (2048K)
 Metaspace       used 101028K, capacity 103364K, committed 103628K, reserved 1138688K
  class space    used 13162K, capacity 14032K, committed 14080K, reserved 1048576K
}
Event: 24.076 GC heap before
{Heap before GC invocations=48 (full 0):
 garbage-first heap   total 204800K, used 187554K [0x0000000080000000, 0x0000000100000000)
  region size 1024K, 10 young (10240K), 2 survivors (2048K)
 Metaspace       used 101496K, capacity 103827K, committed 103884K, reserved 1138688K
  class space    used 13201K, capacity 14077K, committed 14080K, reserved 1048576K
}
Event: 24.085 GC heap after
{Heap after GC invocations=49 (full 0):
 garbage-first heap   total 204800K, used 183550K [0x0000000080000000, 0x0000000100000000)
  region size 1024K, 2 young (2048K), 2 survivors (2048K)
 Metaspace       used 101496K, capacity 103827K, committed 103884K, reserved 1138688K
  class space    used 13201K, capacity 14077K, committed 14080K, reserved 1048576K
}
Event: 24.133 GC heap before
{Heap before GC invocations=49 (full 0):
 garbage-first heap   total 204800K, used 191742K [0x0000000080000000, 0x0000000100000000)
  region size 1024K, 10 young (10240K), 2 survivors (2048K)
 Metaspace       used 101534K, capacity 103897K, committed 104140K, reserved 1138688K
  class space    used 13201K, capacity 14077K, committed 14080K, reserved 1048576K
}
Event: 24.147 GC heap after
{Heap after GC invocations=50 (full 0):
 garbage-first heap   total 245760K, used 187891K [0x0000000080000000, 0x0000000100000000)
  region size 1024K, 2 young (2048K), 2 survivors (2048K)
 Metaspace       used 101534K, capacity 103897K, committed 104140K, reserved 1138688K
  class space    used 13201K, capacity 14077K, committed 14080K, reserved 1048576K
}
Event: 24.225 GC heap before
{Heap before GC invocations=51 (full 0):
 garbage-first heap   total 245760K, used 202227K [0x0000000080000000, 0x0000000100000000)
  region size 1024K, 17 young (17408K), 2 survivors (2048K)
 Metaspace       used 101569K, capacity 103899K, committed 104140K, reserved 1138688K
  class space    used 13201K, capacity 14077K, committed 14080K, reserved 1048576K
}
Event: 24.238 GC heap after
{Heap after GC invocations=52 (full 0):
 garbage-first heap   total 245760K, used 196562K [0x0000000080000000, 0x0000000100000000)
  region size 1024K, 3 young (3072K), 3 survivors (3072K)
 Metaspace       used 101569K, capacity 103899K, committed 104140K, reserved 1138688K
  class space    used 13201K, capacity 14077K, committed 14080K, reserved 1048576K
}
Event: 24.271 GC heap before
{Heap before GC invocations=52 (full 0):
 garbage-first heap   total 245760K, used 206802K [0x0000000080000000, 0x0000000100000000)
  region size 1024K, 13 young (13312K), 3 survivors (3072K)
 Metaspace       used 101575K, capacity 103899K, committed 104140K, reserved 1138688K
  class space    used 13201K, capacity 14077K, committed 14080K, reserved 1048576K
}
Event: 24.282 GC heap after
{Heap after GC invocations=53 (full 0):
 garbage-first heap   total 245760K, used 202323K [0x0000000080000000, 0x0000000100000000)
  region size 1024K, 2 young (2048K), 2 survivors (2048K)
 Metaspace       used 101575K, capacity 103899K, committed 104140K, reserved 1138688K
  class space    used 13201K, capacity 14077K, committed 14080K, reserved 1048576K
}
Event: 24.329 GC heap before
{Heap before GC invocations=53 (full 0):
 garbage-first heap   total 245760K, used 211539K [0x0000000080000000, 0x0000000100000000)
  region size 1024K, 12 young (12288K), 2 survivors (2048K)
 Metaspace       used 101585K, capacity 103899K, committed 104140K, reserved 1138688K
  class space    used 13201K, capacity 14077K, committed 14080K, reserved 1048576K
}
Event: 24.337 GC heap after
{Heap after GC invocations=54 (full 0):
 garbage-first heap   total 245760K, used 208494K [0x0000000080000000, 0x0000000100000000)
  region size 1024K, 2 young (2048K), 2 survivors (2048K)
 Metaspace       used 101585K, capacity 103899K, committed 104140K, reserved 1138688K
  class space    used 13201K, capacity 14077K, committed 14080K, reserved 1048576K
}
Event: 24.629 GC heap before
{Heap before GC invocations=54 (full 0):
 garbage-first heap   total 245760K, used 216686K [0x0000000080000000, 0x0000000100000000)
  region size 1024K, 12 young (12288K), 2 survivors (2048K)
 Metaspace       used 101613K, capacity 103919K, committed 104140K, reserved 1138688K
  class space    used 13191K, capacity 14058K, committed 14080K, reserved 1048576K
}

