# JRE version: OpenJDK Runtime Environment (11.0.12+7) (build 11.0.12+7-b1504.28-7817840)
# Java VM: OpenJDK 64-Bit Server VM (11.0.12+7-b1504.28-7817840, mixed mode, tiered, compressed oops, g1 gc, windows-amd64)
Heap:
 garbage-first heap   total 407552K, used 204413K [0x0000000080000000, 0x0000000100000000)
  region size 1024K, 2 young (2048K), 2 survivors (2048K)
 Metaspace       used 111179K, capacity 114197K, committed 114432K, reserved 1148928K
  class space    used 14615K, capacity 15745K, committed 15872K, reserved 1048576K
GC Heap History (20 events):
Event: 26.639 GC heap after
{Heap after GC invocations=53 (full 0):
 garbage-first heap   total 206848K, used 147724K [0x0000000080000000, 0x0000000100000000)
  region size 1024K, 4 young (4096K), 4 survivors (4096K)
 Metaspace       used 109903K, capacity 112933K, committed 113152K, reserved 1146880K
  class space    used 14377K, capacity 15518K, committed 15616K, reserved 1048576K
}
Event: 26.712 GC heap before
{Heap before GC invocations=53 (full 0):
 garbage-first heap   total 206848K, used 168204K [0x0000000080000000, 0x0000000100000000)
  region size 1024K, 22 young (22528K), 4 survivors (4096K)
 Metaspace       used 109953K, capacity 112998K, committed 113152K, reserved 1146880K
  class space    used 14377K, capacity 15518K, committed 15616K, reserved 1048576K
}
Event: 26.723 GC heap after
{Heap after GC invocations=54 (full 0):
 garbage-first heap   total 206848K, used 156201K [0x0000000080000000, 0x0000000100000000)
  region size 1024K, 3 young (3072K), 3 survivors (3072K)
 Metaspace       used 109953K, capacity 112998K, committed 113152K, reserved 1146880K
  class space    used 14377K, capacity 15518K, committed 15616K, reserved 1048576K
}
Event: 26.768 GC heap before
{Heap before GC invocations=54 (full 0):
 garbage-first heap   total 206848K, used 170537K [0x0000000080000000, 0x0000000100000000)
  region size 1024K, 17 young (17408K), 3 survivors (3072K)
 Metaspace       used 109953K, capacity 112998K, committed 113152K, reserved 1146880K
  class space    used 14377K, capacity 15518K, committed 15616K, reserved 1048576K
}
Event: 26.783 GC heap after
{Heap after GC invocations=55 (full 0):
 garbage-first heap   total 206848K, used 163474K [0x0000000080000000, 0x0000000100000000)
  region size 1024K, 3 young (3072K), 3 survivors (3072K)
 Metaspace       used 109953K, capacity 112998K, committed 113152K, reserved 1146880K
  class space    used 14377K, capacity 15518K, committed 15616K, reserved 1048576K
}
Event: 26.810 GC heap before
{Heap before GC invocations=55 (full 0):
 garbage-first heap   total 206848K, used 176786K [0x0000000080000000, 0x0000000100000000)
  region size 1024K, 13 young (13312K), 3 survivors (3072K)
 Metaspace       used 109953K, capacity 112998K, committed 113152K, reserved 1146880K
  class space    used 14377K, capacity 15518K, committed 15616K, reserved 1048576K
}
Event: 26.820 GC heap after
{Heap after GC invocations=56 (full 0):
 garbage-first heap   total 206848K, used 171557K [0x0000000080000000, 0x0000000100000000)
  region size 1024K, 2 young (2048K), 2 survivors (2048K)
 Metaspace       used 109953K, capacity 112998K, committed 113152K, reserved 1146880K
  class space    used 14377K, capacity 15518K, committed 15616K, reserved 1048576K
}
Event: 26.875 GC heap before
{Heap before GC invocations=56 (full 0):
 garbage-first heap   total 206848K, used 178725K [0x0000000080000000, 0x0000000100000000)
  region size 1024K, 10 young (10240K), 2 survivors (2048K)
 Metaspace       used 109939K, capacity 112975K, committed 113152K, reserved 1146880K
  class space    used 14373K, capacity 15511K, committed 15616K, reserved 1048576K
}
Event: 26.887 GC heap after
{Heap after GC invocations=57 (full 0):
 garbage-first heap   total 206848K, used 176392K [0x0000000080000000, 0x0000000100000000)
  region size 1024K, 2 young (2048K), 2 survivors (2048K)
 Metaspace       used 109939K, capacity 112975K, committed 113152K, reserved 1146880K
  class space    used 14373K, capacity 15511K, committed 15616K, reserved 1048576K
}
Event: 26.912 GC heap before
{Heap before GC invocations=57 (full 0):
 garbage-first heap   total 206848K, used 186632K [0x0000000080000000, 0x0000000100000000)
  region size 1024K, 10 young (10240K), 2 survivors (2048K)
 Metaspace       used 109939K, capacity 112975K, committed 113152K, reserved 1146880K
  class space    used 14373K, capacity 15511K, committed 15616K, reserved 1048576K
}
Event: 26.924 GC heap after
{Heap after GC invocations=58 (full 0):
 garbage-first heap   total 206848K, used 182222K [0x0000000080000000, 0x0000000100000000)
  region size 1024K, 2 young (2048K), 2 survivors (2048K)
 Metaspace       used 109939K, capacity 112975K, committed 113152K, reserved 1146880K
  class space    used 14373K, capacity 15511K, committed 15616K, reserved 1048576K
}
Event: 26.995 GC heap before
{Heap before GC invocations=59 (full 0):
 garbage-first heap   total 206848K, used 191438K [0x0000000080000000, 0x0000000100000000)
  region size 1024K, 10 young (10240K), 2 survivors (2048K)
 Metaspace       used 110845K, capacity 113852K, committed 114048K, reserved 1146880K
  class space    used 14604K, capacity 15742K, committed 15744K, reserved 1048576K
}
Event: 27.004 GC heap after
{Heap after GC invocations=60 (full 0):
 garbage-first heap   total 206848K, used 186205K [0x0000000080000000, 0x0000000100000000)
  region size 1024K, 2 young (2048K), 2 survivors (2048K)
 Metaspace       used 110845K, capacity 113852K, committed 114048K, reserved 1146880K
  class space    used 14604K, capacity 15742K, committed 15744K, reserved 1048576K
}
Event: 27.044 GC heap before
{Heap before GC invocations=60 (full 0):
 garbage-first heap   total 206848K, used 194397K [0x0000000080000000, 0x0000000100000000)
  region size 1024K, 10 young (10240K), 2 survivors (2048K)
 Metaspace       used 111037K, capacity 114054K, committed 114432K, reserved 1148928K
  class space    used 14615K, capacity 15745K, committed 15872K, reserved 1048576K
}
Event: 27.051 GC heap after
{Heap after GC invocations=61 (full 0):
 garbage-first heap   total 206848K, used 190464K [0x0000000080000000, 0x0000000100000000)
  region size 1024K, 2 young (2048K), 2 survivors (2048K)
 Metaspace       used 111037K, capacity 114054K, committed 114432K, reserved 1148928K
  class space    used 14615K, capacity 15745K, committed 15872K, reserved 1048576K
}
Event: 27.117 GC heap before
{Heap before GC invocations=61 (full 0):
 garbage-first heap   total 206848K, used 197632K [0x0000000080000000, 0x0000000100000000)
  region size 1024K, 10 young (10240K), 2 survivors (2048K)
 Metaspace       used 111075K, capacity 114119K, committed 114432K, reserved 1148928K
  class space    used 14615K, capacity 15745K, committed 15872K, reserved 1048576K
}
Event: 27.123 GC heap after
{Heap after GC invocations=62 (full 0):
 garbage-first heap   total 206848K, used 195277K [0x0000000080000000, 0x0000000100000000)
  region size 1024K, 2 young (2048K), 2 survivors (2048K)
 Metaspace       used 111075K, capacity 114119K, committed 114432K, reserved 1148928K
  class space    used 14615K, capacity 15745K, committed 15872K, reserved 1048576K
}
Event: 27.163 GC heap before
{Heap before GC invocations=62 (full 0):
 garbage-first heap   total 206848K, used 203469K [0x0000000080000000, 0x0000000100000000)
  region size 1024K, 10 young (10240K), 2 survivors (2048K)
 Metaspace       used 111168K, capacity 114194K, committed 114432K, reserved 1148928K
  class space    used 14615K, capacity 15745K, committed 15872K, reserved 1048576K
}
Event: 27.174 GC heap after
{Heap after GC invocations=63 (full 0):
 garbage-first heap   total 210944K, used 200093K [0x0000000080000000, 0x0000000100000000)
  region size 1024K, 2 young (2048K), 2 survivors (2048K)
 Metaspace       used 111168K, capacity 114194K, committed 114432K, reserved 1148928K
  class space    used 14615K, capacity 15745K, committed 15872K, reserved 1048576K
}
Event: 27.230 GC heap before
{Heap before GC invocations=63 (full 0):
 garbage-first heap   total 210944K, used 208285K [0x0000000080000000, 0x0000000100000000)
  region size 1024K, 10 young (10240K), 2 survivors (2048K)
 Metaspace       used 111179K, capacity 114197K, committed 114432K, reserved 1148928K
  class space    used 14615K, capacity 15745K, committed 15872K, reserved 1048576K
}

