# JRE version: OpenJDK Runtime Environment (11.0.12+7) (build 11.0.12+7-b1504.28-7817840)
# Java VM: OpenJDK 64-Bit Server VM (11.0.12+7-b1504.28-7817840, mixed mode, tiered, compressed oops, g1 gc, windows-amd64)
Heap:
 garbage-first heap   total 1041408K, used 264704K [0x0000000080000000, 0x0000000100000000)
  region size 1024K, 4 young (4096K), 4 survivors (4096K)
 Metaspace       used 101721K, capacity 104103K, committed 104192K, reserved 1138688K
  class space    used 13200K, capacity 14052K, committed 14080K, reserved 1048576K
GC Heap History (20 events):
Event: 50.793 GC heap after
{Heap after GC invocations=92 (full 0):
 garbage-first heap   total 180224K, used 157086K [0x0000000080000000, 0x0000000100000000)
  region size 1024K, 1 young (1024K), 1 survivors (1024K)
 Metaspace       used 99365K, capacity 101665K, committed 101888K, reserved 1138688K
  class space    used 12746K, capacity 13558K, committed 13568K, reserved 1048576K
}
Event: 50.825 GC heap before
{Heap before GC invocations=93 (full 0):
 garbage-first heap   total 180224K, used 165278K [0x0000000080000000, 0x0000000100000000)
  region size 1024K, 8 young (8192K), 1 survivors (1024K)
 Metaspace       used 99365K, capacity 101665K, committed 101888K, reserved 1138688K
  class space    used 12746K, capacity 13558K, committed 13568K, reserved 1048576K
}
Event: 50.832 GC heap after
{Heap after GC invocations=94 (full 0):
 garbage-first heap   total 180224K, used 161636K [0x0000000080000000, 0x0000000100000000)
  region size 1024K, 1 young (1024K), 1 survivors (1024K)
 Metaspace       used 99365K, capacity 101665K, committed 101888K, reserved 1138688K
  class space    used 12746K, capacity 13558K, committed 13568K, reserved 1048576K
}
Event: 50.863 GC heap before
{Heap before GC invocations=94 (full 0):
 garbage-first heap   total 180224K, used 168804K [0x0000000080000000, 0x0000000100000000)
  region size 1024K, 8 young (8192K), 1 survivors (1024K)
 Metaspace       used 99371K, capacity 101668K, committed 101888K, reserved 1138688K
  class space    used 12747K, capacity 13559K, committed 13568K, reserved 1048576K
}
Event: 50.870 GC heap after
{Heap after GC invocations=95 (full 0):
 garbage-first heap   total 180224K, used 164864K [0x0000000080000000, 0x0000000100000000)
  region size 1024K, 1 young (1024K), 1 survivors (1024K)
 Metaspace       used 99371K, capacity 101668K, committed 101888K, reserved 1138688K
  class space    used 12747K, capacity 13559K, committed 13568K, reserved 1048576K
}
Event: 50.910 GC heap before
{Heap before GC invocations=95 (full 0):
 garbage-first heap   total 180224K, used 175104K [0x0000000080000000, 0x0000000100000000)
  region size 1024K, 8 young (8192K), 1 survivors (1024K)
 Metaspace       used 99371K, capacity 101668K, committed 101888K, reserved 1138688K
  class space    used 12747K, capacity 13559K, committed 13568K, reserved 1048576K
}
Event: 50.918 GC heap after
{Heap after GC invocations=96 (full 0):
 garbage-first heap   total 181248K, used 170797K [0x0000000080000000, 0x0000000100000000)
  region size 1024K, 1 young (1024K), 1 survivors (1024K)
 Metaspace       used 99371K, capacity 101668K, committed 101888K, reserved 1138688K
  class space    used 12747K, capacity 13559K, committed 13568K, reserved 1048576K
}
Event: 50.941 GC heap before
{Heap before GC invocations=96 (full 0):
 garbage-first heap   total 181248K, used 176941K [0x0000000080000000, 0x0000000100000000)
  region size 1024K, 8 young (8192K), 1 survivors (1024K)
 Metaspace       used 99371K, capacity 101668K, committed 101888K, reserved 1138688K
  class space    used 12747K, capacity 13559K, committed 13568K, reserved 1048576K
}
Event: 50.948 GC heap after
{Heap after GC invocations=97 (full 0):
 garbage-first heap   total 183296K, used 174496K [0x0000000080000000, 0x0000000100000000)
  region size 1024K, 1 young (1024K), 1 survivors (1024K)
 Metaspace       used 99371K, capacity 101668K, committed 101888K, reserved 1138688K
  class space    used 12747K, capacity 13559K, committed 13568K, reserved 1048576K
}
Event: 50.973 GC heap before
{Heap before GC invocations=97 (full 0):
 garbage-first heap   total 183296K, used 182688K [0x0000000080000000, 0x0000000100000000)
  region size 1024K, 7 young (7168K), 1 survivors (1024K)
 Metaspace       used 99371K, capacity 101668K, committed 101888K, reserved 1138688K
  class space    used 12747K, capacity 13559K, committed 13568K, reserved 1048576K
}
Event: 50.982 GC heap after
{Heap after GC invocations=98 (full 0):
 garbage-first heap   total 187392K, used 179729K [0x0000000080000000, 0x0000000100000000)
  region size 1024K, 1 young (1024K), 1 survivors (1024K)
 Metaspace       used 99371K, capacity 101668K, committed 101888K, reserved 1138688K
  class space    used 12747K, capacity 13559K, committed 13568K, reserved 1048576K
}
Event: 51.013 GC heap before
{Heap before GC invocations=98 (full 0):
 garbage-first heap   total 187392K, used 186897K [0x0000000080000000, 0x0000000100000000)
  region size 1024K, 7 young (7168K), 1 survivors (1024K)
 Metaspace       used 99414K, capacity 101677K, committed 101888K, reserved 1138688K
  class space    used 12758K, capacity 13562K, committed 13568K, reserved 1048576K
}
Event: 51.026 GC heap after
{Heap after GC invocations=99 (full 0):
 garbage-first heap   total 347136K, used 183156K [0x0000000080000000, 0x0000000100000000)
  region size 1024K, 2 young (2048K), 2 survivors (2048K)
 Metaspace       used 99414K, capacity 101677K, committed 101888K, reserved 1138688K
  class space    used 12758K, capacity 13562K, committed 13568K, reserved 1048576K
}
Event: 51.354 GC heap before
{Heap before GC invocations=100 (full 0):
 garbage-first heap   total 347136K, used 231284K [0x0000000080000000, 0x0000000100000000)
  region size 1024K, 49 young (50176K), 2 survivors (2048K)
 Metaspace       used 101662K, capacity 104036K, committed 104192K, reserved 1138688K
  class space    used 13200K, capacity 14052K, committed 14080K, reserved 1048576K
}
Event: 51.399 GC heap after
{Heap after GC invocations=101 (full 0):
 garbage-first heap   total 347136K, used 206202K [0x0000000080000000, 0x0000000100000000)
  region size 1024K, 7 young (7168K), 7 survivors (7168K)
 Metaspace       used 101662K, capacity 104036K, committed 104192K, reserved 1138688K
  class space    used 13200K, capacity 14052K, committed 14080K, reserved 1048576K
}
Event: 51.547 GC heap before
{Heap before GC invocations=101 (full 0):
 garbage-first heap   total 347136K, used 246138K [0x0000000080000000, 0x0000000100000000)
  region size 1024K, 47 young (48128K), 7 survivors (7168K)
 Metaspace       used 101720K, capacity 104103K, committed 104192K, reserved 1138688K
  class space    used 13200K, capacity 14052K, committed 14080K, reserved 1048576K
}
Event: 51.601 GC heap after
{Heap after GC invocations=102 (full 0):
 garbage-first heap   total 347136K, used 228352K [0x0000000080000000, 0x0000000100000000)
  region size 1024K, 6 young (6144K), 6 survivors (6144K)
 Metaspace       used 101720K, capacity 104103K, committed 104192K, reserved 1138688K
  class space    used 13200K, capacity 14052K, committed 14080K, reserved 1048576K
}
Event: 51.785 GC heap before
{Heap before GC invocations=102 (full 0):
 garbage-first heap   total 347136K, used 263168K [0x0000000080000000, 0x0000000100000000)
  region size 1024K, 39 young (39936K), 6 survivors (6144K)
 Metaspace       used 101721K, capacity 104103K, committed 104192K, reserved 1138688K
  class space    used 13200K, capacity 14052K, committed 14080K, reserved 1048576K
}
Event: 51.820 GC heap after
{Heap after GC invocations=103 (full 0):
 garbage-first heap   total 347136K, used 248832K [0x0000000080000000, 0x0000000100000000)
  region size 1024K, 5 young (5120K), 5 survivors (5120K)
 Metaspace       used 101721K, capacity 104103K, committed 104192K, reserved 1138688K
  class space    used 13200K, capacity 14052K, committed 14080K, reserved 1048576K
}
Event: 51.952 GC heap before
{Heap before GC invocations=103 (full 0):
 garbage-first heap   total 347136K, used 277504K [0x0000000080000000, 0x0000000100000000)
  region size 1024K, 31 young (31744K), 5 survivors (5120K)
 Metaspace       used 101721K, capacity 104103K, committed 104192K, reserved 1138688K
  class space    used 13200K, capacity 14052K, committed 14080K, reserved 1048576K
}

