# JRE version: OpenJDK Runtime Environment (11.0.12+7) (build 11.0.12+7-b1504.28-7817840)
# Java VM: OpenJDK 64-Bit Server VM (11.0.12+7-b1504.28-7817840, mixed mode, tiered, compressed oops, g1 gc, windows-amd64)
Heap:
 garbage-first heap   total 482304K, used 221694K [0x0000000080000000, 0x0000000100000000)
  region size 1024K, 2 young (2048K), 2 survivors (2048K)
 Metaspace       used 111264K, capacity 114257K, committed 114636K, reserved 1148928K
  class space    used 14615K, capacity 15742K, committed 15872K, reserved 1048576K
GC Heap History (20 events):
Event: 26.022 GC heap after
{Heap after GC invocations=65 (full 0):
 garbage-first heap   total 211968K, used 172032K [0x0000000080000000, 0x0000000100000000)
  region size 1024K, 3 young (3072K), 3 survivors (3072K)
 Metaspace       used 110021K, capacity 113008K, committed 113356K, reserved 1146880K
  class space    used 14380K, capacity 15522K, committed 15616K, reserved 1048576K
}
Event: 26.046 GC heap before
{Heap before GC invocations=66 (full 0):
 garbage-first heap   total 211968K, used 176128K [0x0000000080000000, 0x0000000100000000)
  region size 1024K, 8 young (8192K), 3 survivors (3072K)
 Metaspace       used 110021K, capacity 113008K, committed 113356K, reserved 1146880K
  class space    used 14380K, capacity 15522K, committed 15616K, reserved 1048576K
}
Event: 26.059 GC heap after
{Heap after GC invocations=67 (full 0):
 garbage-first heap   total 211968K, used 174985K [0x0000000080000000, 0x0000000100000000)
  region size 1024K, 2 young (2048K), 2 survivors (2048K)
 Metaspace       used 110021K, capacity 113008K, committed 113356K, reserved 1146880K
  class space    used 14380K, capacity 15522K, committed 15616K, reserved 1048576K
}
Event: 26.091 GC heap before
{Heap before GC invocations=67 (full 0):
 garbage-first heap   total 211968K, used 186249K [0x0000000080000000, 0x0000000100000000)
  region size 1024K, 10 young (10240K), 2 survivors (2048K)
 Metaspace       used 110037K, capacity 113011K, committed 113356K, reserved 1146880K
  class space    used 14384K, capacity 15523K, committed 15616K, reserved 1048576K
}
Event: 26.102 GC heap after
{Heap after GC invocations=68 (full 0):
 garbage-first heap   total 211968K, used 181138K [0x0000000080000000, 0x0000000100000000)
  region size 1024K, 2 young (2048K), 2 survivors (2048K)
 Metaspace       used 110037K, capacity 113011K, committed 113356K, reserved 1146880K
  class space    used 14384K, capacity 15523K, committed 15616K, reserved 1048576K
}
Event: 26.188 GC heap before
{Heap before GC invocations=68 (full 0):
 garbage-first heap   total 211968K, used 188306K [0x0000000080000000, 0x0000000100000000)
  region size 1024K, 10 young (10240K), 2 survivors (2048K)
 Metaspace       used 111045K, capacity 114078K, committed 114380K, reserved 1148928K
  class space    used 14620K, capacity 15752K, committed 15872K, reserved 1048576K
}
Event: 26.196 GC heap after
{Heap after GC invocations=69 (full 0):
 garbage-first heap   total 211968K, used 184994K [0x0000000080000000, 0x0000000100000000)
  region size 1024K, 2 young (2048K), 2 survivors (2048K)
 Metaspace       used 111045K, capacity 114078K, committed 114380K, reserved 1148928K
  class space    used 14620K, capacity 15752K, committed 15872K, reserved 1048576K
}
Event: 26.413 GC heap before
{Heap before GC invocations=69 (full 0):
 garbage-first heap   total 211968K, used 191138K [0x0000000080000000, 0x0000000100000000)
  region size 1024K, 10 young (10240K), 2 survivors (2048K)
 Metaspace       used 111186K, capacity 114182K, committed 114380K, reserved 1148928K
  class space    used 14615K, capacity 15742K, committed 15872K, reserved 1048576K
}
Event: 26.423 GC heap after
{Heap after GC invocations=70 (full 0):
 garbage-first heap   total 211968K, used 188300K [0x0000000080000000, 0x0000000100000000)
  region size 1024K, 2 young (2048K), 2 survivors (2048K)
 Metaspace       used 111186K, capacity 114182K, committed 114380K, reserved 1148928K
  class space    used 14615K, capacity 15742K, committed 15872K, reserved 1048576K
}
Event: 26.476 GC heap before
{Heap before GC invocations=71 (full 0):
 garbage-first heap   total 211968K, used 196492K [0x0000000080000000, 0x0000000100000000)
  region size 1024K, 10 young (10240K), 2 survivors (2048K)
 Metaspace       used 111211K, capacity 114252K, committed 114636K, reserved 1148928K
  class space    used 14615K, capacity 15742K, committed 15872K, reserved 1048576K
}
Event: 26.484 GC heap after
{Heap after GC invocations=72 (full 0):
 garbage-first heap   total 211968K, used 193305K [0x0000000080000000, 0x0000000100000000)
  region size 1024K, 2 young (2048K), 2 survivors (2048K)
 Metaspace       used 111211K, capacity 114252K, committed 114636K, reserved 1148928K
  class space    used 14615K, capacity 15742K, committed 15872K, reserved 1048576K
}
Event: 26.508 GC heap before
{Heap before GC invocations=72 (full 0):
 garbage-first heap   total 211968K, used 201497K [0x0000000080000000, 0x0000000100000000)
  region size 1024K, 10 young (10240K), 2 survivors (2048K)
 Metaspace       used 111220K, capacity 114254K, committed 114636K, reserved 1148928K
  class space    used 14615K, capacity 15742K, committed 15872K, reserved 1048576K
}
Event: 26.516 GC heap after
{Heap after GC invocations=73 (full 0):
 garbage-first heap   total 254976K, used 197826K [0x0000000080000000, 0x0000000100000000)
  region size 1024K, 2 young (2048K), 2 survivors (2048K)
 Metaspace       used 111220K, capacity 114254K, committed 114636K, reserved 1148928K
  class space    used 14615K, capacity 15742K, committed 15872K, reserved 1048576K
}
Event: 26.634 GC heap before
{Heap before GC invocations=73 (full 0):
 garbage-first heap   total 254976K, used 209090K [0x0000000080000000, 0x0000000100000000)
  region size 1024K, 13 young (13312K), 2 survivors (2048K)
 Metaspace       used 111248K, capacity 114254K, committed 114636K, reserved 1148928K
  class space    used 14615K, capacity 15742K, committed 15872K, reserved 1048576K
}
Event: 26.643 GC heap after
{Heap after GC invocations=74 (full 0):
 garbage-first heap   total 254976K, used 203983K [0x0000000080000000, 0x0000000100000000)
  region size 1024K, 2 young (2048K), 2 survivors (2048K)
 Metaspace       used 111248K, capacity 114254K, committed 114636K, reserved 1148928K
  class space    used 14615K, capacity 15742K, committed 15872K, reserved 1048576K
}
Event: 26.712 GC heap before
{Heap before GC invocations=74 (full 0):
 garbage-first heap   total 254976K, used 214223K [0x0000000080000000, 0x0000000100000000)
  region size 1024K, 12 young (12288K), 2 survivors (2048K)
 Metaspace       used 111257K, capacity 114256K, committed 114636K, reserved 1148928K
  class space    used 14615K, capacity 15742K, committed 15872K, reserved 1048576K
}
Event: 26.722 GC heap after
{Heap after GC invocations=75 (full 0):
 garbage-first heap   total 254976K, used 210188K [0x0000000080000000, 0x0000000100000000)
  region size 1024K, 2 young (2048K), 2 survivors (2048K)
 Metaspace       used 111257K, capacity 114256K, committed 114636K, reserved 1148928K
  class space    used 14615K, capacity 15742K, committed 15872K, reserved 1048576K
}
Event: 26.774 GC heap before
{Heap before GC invocations=75 (full 0):
 garbage-first heap   total 254976K, used 219404K [0x0000000080000000, 0x0000000100000000)
  region size 1024K, 12 young (12288K), 2 survivors (2048K)
 Metaspace       used 111261K, capacity 114257K, committed 114636K, reserved 1148928K
  class space    used 14615K, capacity 15742K, committed 15872K, reserved 1048576K
}
Event: 26.787 GC heap after
{Heap after GC invocations=76 (full 0):
 garbage-first heap   total 254976K, used 216064K [0x0000000080000000, 0x0000000100000000)
  region size 1024K, 2 young (2048K), 2 survivors (2048K)
 Metaspace       used 111261K, capacity 114257K, committed 114636K, reserved 1148928K
  class space    used 14615K, capacity 15742K, committed 15872K, reserved 1048576K
}
Event: 26.827 GC heap before
{Heap before GC invocations=76 (full 0):
 garbage-first heap   total 254976K, used 226304K [0x0000000080000000, 0x0000000100000000)
  region size 1024K, 12 young (12288K), 2 survivors (2048K)
 Metaspace       used 111264K, capacity 114257K, committed 114636K, reserved 1148928K
  class space    used 14615K, capacity 15742K, committed 15872K, reserved 1048576K
}

