# JRE version: OpenJDK Runtime Environment (11.0.12+7) (build 11.0.12+7-b1504.28-7817840)
# Java VM: OpenJDK 64-Bit Server VM (11.0.12+7-b1504.28-7817840, mixed mode, tiered, compressed oops, g1 gc, windows-amd64)
Heap:
 garbage-first heap   total 421888K, used 222830K [0x0000000080000000, 0x0000000100000000)
  region size 1024K, 21 young (21504K), 2 survivors (2048K)
 Metaspace       used 111273K, capacity 114300K, committed 114424K, reserved 1148928K
  class space    used 14626K, capacity 15759K, committed 15864K, reserved 1048576K
GC Heap History (20 events):
Event: 30.202 GC heap before
{Heap before GC invocations=50 (full 0):
 garbage-first heap   total 208896K, used 167821K [0x0000000080000000, 0x0000000100000000)
  region size 1024K, 19 young (19456K), 3 survivors (3072K)
 Metaspace       used 110030K, capacity 113084K, committed 113400K, reserved 1146880K
  class space    used 14385K, capacity 15528K, committed 15608K, reserved 1048576K
}
Event: 30.213 GC heap after
{Heap after GC invocations=51 (full 0):
 garbage-first heap   total 208896K, used 157633K [0x0000000080000000, 0x0000000100000000)
  region size 1024K, 3 young (3072K), 3 survivors (3072K)
 Metaspace       used 110030K, capacity 113084K, committed 113400K, reserved 1146880K
  class space    used 14385K, capacity 15528K, committed 15608K, reserved 1048576K
}
Event: 30.249 GC heap before
{Heap before GC invocations=51 (full 0):
 garbage-first heap   total 208896K, used 171969K [0x0000000080000000, 0x0000000100000000)
  region size 1024K, 16 young (16384K), 3 survivors (3072K)
 Metaspace       used 110030K, capacity 113084K, committed 113400K, reserved 1146880K
  class space    used 14385K, capacity 15528K, committed 15608K, reserved 1048576K
}
Event: 30.262 GC heap after
{Heap after GC invocations=52 (full 0):
 garbage-first heap   total 208896K, used 164626K [0x0000000080000000, 0x0000000100000000)
  region size 1024K, 2 young (2048K), 2 survivors (2048K)
 Metaspace       used 110030K, capacity 113084K, committed 113400K, reserved 1146880K
  class space    used 14385K, capacity 15528K, committed 15608K, reserved 1048576K
}
Event: 30.298 GC heap before
{Heap before GC invocations=52 (full 0):
 garbage-first heap   total 208896K, used 177938K [0x0000000080000000, 0x0000000100000000)
  region size 1024K, 12 young (12288K), 2 survivors (2048K)
 Metaspace       used 110030K, capacity 113084K, committed 113400K, reserved 1146880K
  class space    used 14385K, capacity 15528K, committed 15608K, reserved 1048576K
}
Event: 30.309 GC heap after
{Heap after GC invocations=53 (full 0):
 garbage-first heap   total 208896K, used 172032K [0x0000000080000000, 0x0000000100000000)
  region size 1024K, 2 young (2048K), 2 survivors (2048K)
 Metaspace       used 110030K, capacity 113084K, committed 113400K, reserved 1146880K
  class space    used 14385K, capacity 15528K, committed 15608K, reserved 1048576K
}
Event: 30.345 GC heap before
{Heap before GC invocations=53 (full 0):
 garbage-first heap   total 208896K, used 180224K [0x0000000080000000, 0x0000000100000000)
  region size 1024K, 10 young (10240K), 2 survivors (2048K)
 Metaspace       used 110030K, capacity 113084K, committed 113400K, reserved 1146880K
  class space    used 14385K, capacity 15528K, committed 15608K, reserved 1048576K
}
Event: 30.361 GC heap after
{Heap after GC invocations=54 (full 0):
 garbage-first heap   total 208896K, used 176809K [0x0000000080000000, 0x0000000100000000)
  region size 1024K, 2 young (2048K), 2 survivors (2048K)
 Metaspace       used 110030K, capacity 113084K, committed 113400K, reserved 1146880K
  class space    used 14385K, capacity 15528K, committed 15608K, reserved 1048576K
}
Event: 30.391 GC heap before
{Heap before GC invocations=54 (full 0):
 garbage-first heap   total 208896K, used 188073K [0x0000000080000000, 0x0000000100000000)
  region size 1024K, 10 young (10240K), 2 survivors (2048K)
 Metaspace       used 110031K, capacity 113084K, committed 113400K, reserved 1146880K
  class space    used 14385K, capacity 15528K, committed 15608K, reserved 1048576K
}
Event: 30.402 GC heap after
{Heap after GC invocations=55 (full 0):
 garbage-first heap   total 208896K, used 183285K [0x0000000080000000, 0x0000000100000000)
  region size 1024K, 2 young (2048K), 2 survivors (2048K)
 Metaspace       used 110031K, capacity 113084K, committed 113400K, reserved 1146880K
  class space    used 14385K, capacity 15528K, committed 15608K, reserved 1048576K
}
Event: 30.489 GC heap before
{Heap before GC invocations=56 (full 0):
 garbage-first heap   total 208896K, used 190453K [0x0000000080000000, 0x0000000100000000)
  region size 1024K, 10 young (10240K), 2 survivors (2048K)
 Metaspace       used 111070K, capacity 114088K, committed 114424K, reserved 1148928K
  class space    used 14626K, capacity 15759K, committed 15864K, reserved 1048576K
}
Event: 30.503 GC heap after
{Heap after GC invocations=57 (full 0):
 garbage-first heap   total 208896K, used 186836K [0x0000000080000000, 0x0000000100000000)
  region size 1024K, 2 young (2048K), 2 survivors (2048K)
 Metaspace       used 111070K, capacity 114088K, committed 114424K, reserved 1148928K
  class space    used 14626K, capacity 15759K, committed 15864K, reserved 1048576K
}
Event: 30.547 GC heap before
{Heap before GC invocations=57 (full 0):
 garbage-first heap   total 208896K, used 195028K [0x0000000080000000, 0x0000000100000000)
  region size 1024K, 10 young (10240K), 2 survivors (2048K)
 Metaspace       used 111119K, capacity 114152K, committed 114424K, reserved 1148928K
  class space    used 14626K, capacity 15759K, committed 15864K, reserved 1048576K
}
Event: 30.554 GC heap after
{Heap after GC invocations=58 (full 0):
 garbage-first heap   total 208896K, used 191453K [0x0000000080000000, 0x0000000100000000)
  region size 1024K, 2 young (2048K), 2 survivors (2048K)
 Metaspace       used 111119K, capacity 114152K, committed 114424K, reserved 1148928K
  class space    used 14626K, capacity 15759K, committed 15864K, reserved 1048576K
}
Event: 30.649 GC heap before
{Heap before GC invocations=58 (full 0):
 garbage-first heap   total 208896K, used 199645K [0x0000000080000000, 0x0000000100000000)
  region size 1024K, 10 young (10240K), 2 survivors (2048K)
 Metaspace       used 111234K, capacity 114228K, committed 114424K, reserved 1148928K
  class space    used 14626K, capacity 15759K, committed 15864K, reserved 1048576K
}
Event: 30.657 GC heap after
{Heap after GC invocations=59 (full 0):
 garbage-first heap   total 208896K, used 196150K [0x0000000080000000, 0x0000000100000000)
  region size 1024K, 2 young (2048K), 2 survivors (2048K)
 Metaspace       used 111234K, capacity 114228K, committed 114424K, reserved 1148928K
  class space    used 14626K, capacity 15759K, committed 15864K, reserved 1048576K
}
Event: 30.707 GC heap before
{Heap before GC invocations=59 (full 0):
 garbage-first heap   total 208896K, used 204342K [0x0000000080000000, 0x0000000100000000)
  region size 1024K, 10 young (10240K), 2 survivors (2048K)
 Metaspace       used 111249K, capacity 114295K, committed 114424K, reserved 1148928K
  class space    used 14626K, capacity 15759K, committed 15864K, reserved 1048576K
}
Event: 30.715 GC heap after
{Heap after GC invocations=60 (full 0):
 garbage-first heap   total 211968K, used 200911K [0x0000000080000000, 0x0000000100000000)
  region size 1024K, 2 young (2048K), 2 survivors (2048K)
 Metaspace       used 111249K, capacity 114295K, committed 114424K, reserved 1148928K
  class space    used 14626K, capacity 15759K, committed 15864K, reserved 1048576K
}
Event: 30.753 GC heap before
{Heap before GC invocations=60 (full 0):
 garbage-first heap   total 211968K, used 209103K [0x0000000080000000, 0x0000000100000000)
  region size 1024K, 10 young (10240K), 2 survivors (2048K)
 Metaspace       used 111259K, capacity 114297K, committed 114424K, reserved 1148928K
  class space    used 14626K, capacity 15759K, committed 15864K, reserved 1048576K
}
Event: 30.771 GC heap after
{Heap after GC invocations=61 (full 0):
 garbage-first heap   total 421888K, used 205422K [0x0000000080000000, 0x0000000100000000)
  region size 1024K, 2 young (2048K), 2 survivors (2048K)
 Metaspace       used 111259K, capacity 114297K, committed 114424K, reserved 1148928K
  class space    used 14626K, capacity 15759K, committed 15864K, reserved 1048576K
}

