# JRE version: OpenJDK Runtime Environment (11.0.12+7) (build 11.0.12+7-b1504.28-7817840)
# Java VM: OpenJDK 64-Bit Server VM (11.0.12+7-b1504.28-7817840, mixed mode, tiered, compressed oops, g1 gc, windows-amd64)
Heap:
 garbage-first heap   total 115712K, used 78674K [0x0000000080000000, 0x0000000100000000)
  region size 1024K, 31 young (31744K), 3 survivors (3072K)
 Metaspace       used 62077K, capacity 63721K, committed 63948K, reserved 1105920K
  class space    used 7832K, capacity 8422K, committed 8448K, reserved 1048576K
GC Heap History (20 events):
Event: 3.786 GC heap before
{Heap before GC invocations=8 (full 0):
 garbage-first heap   total 76800K, used 56062K [0x0000000080000000, 0x0000000100000000)
  region size 1024K, 39 young (39936K), 2 survivors (2048K)
 Metaspace       used 27380K, capacity 28044K, committed 28160K, reserved 1073152K
  class space    used 3594K, capacity 3813K, committed 3840K, reserved 1048576K
}
Event: 3.789 GC heap after
{Heap after GC invocations=9 (full 0):
 garbage-first heap   total 76800K, used 19617K [0x0000000080000000, 0x0000000100000000)
  region size 1024K, 4 young (4096K), 4 survivors (4096K)
 Metaspace       used 27380K, capacity 28044K, committed 28160K, reserved 1073152K
  class space    used 3594K, capacity 3813K, committed 3840K, reserved 1048576K
}
Event: 4.168 GC heap before
{Heap before GC invocations=9 (full 0):
 garbage-first heap   total 76800K, used 56481K [0x0000000080000000, 0x0000000100000000)
  region size 1024K, 40 young (40960K), 4 survivors (4096K)
 Metaspace       used 31138K, capacity 31843K, committed 32128K, reserved 1077248K
  class space    used 4165K, capacity 4441K, committed 4480K, reserved 1048576K
}
Event: 4.172 GC heap after
{Heap after GC invocations=10 (full 0):
 garbage-first heap   total 76800K, used 20741K [0x0000000080000000, 0x0000000100000000)
  region size 1024K, 4 young (4096K), 4 survivors (4096K)
 Metaspace       used 31138K, capacity 31843K, committed 32128K, reserved 1077248K
  class space    used 4165K, capacity 4441K, committed 4480K, reserved 1048576K
}
Event: 4.384 GC heap before
{Heap before GC invocations=10 (full 0):
 garbage-first heap   total 76800K, used 29957K [0x0000000080000000, 0x0000000100000000)
  region size 1024K, 14 young (14336K), 4 survivors (4096K)
 Metaspace       used 34902K, capacity 35719K, committed 35840K, reserved 1081344K
  class space    used 4531K, capacity 4839K, committed 4864K, reserved 1048576K
}
Event: 4.393 GC heap after
{Heap after GC invocations=11 (full 0):
 garbage-first heap   total 96256K, used 22637K [0x0000000080000000, 0x0000000100000000)
  region size 1024K, 5 young (5120K), 5 survivors (5120K)
 Metaspace       used 34902K, capacity 35719K, committed 35840K, reserved 1081344K
  class space    used 4531K, capacity 4839K, committed 4864K, reserved 1048576K
}
Event: 4.749 GC heap before
{Heap before GC invocations=12 (full 0):
 garbage-first heap   total 96256K, used 63597K [0x0000000080000000, 0x0000000100000000)
  region size 1024K, 46 young (47104K), 5 survivors (5120K)
 Metaspace       used 38361K, capacity 39268K, committed 39372K, reserved 1083392K
  class space    used 4962K, capacity 5316K, committed 5376K, reserved 1048576K
}
Event: 4.756 GC heap after
{Heap after GC invocations=13 (full 0):
 garbage-first heap   total 96256K, used 26289K [0x0000000080000000, 0x0000000100000000)
  region size 1024K, 6 young (6144K), 6 survivors (6144K)
 Metaspace       used 38361K, capacity 39268K, committed 39372K, reserved 1083392K
  class space    used 4962K, capacity 5316K, committed 5376K, reserved 1048576K
}
Event: 5.719 GC heap before
{Heap before GC invocations=13 (full 0):
 garbage-first heap   total 96256K, used 71345K [0x0000000080000000, 0x0000000100000000)
  region size 1024K, 47 young (48128K), 6 survivors (6144K)
 Metaspace       used 41724K, capacity 42784K, committed 42828K, reserved 1087488K
  class space    used 5361K, capacity 5753K, committed 5760K, reserved 1048576K
}
Event: 5.728 GC heap after
{Heap after GC invocations=14 (full 0):
 garbage-first heap   total 96256K, used 29057K [0x0000000080000000, 0x0000000100000000)
  region size 1024K, 3 young (3072K), 3 survivors (3072K)
 Metaspace       used 41724K, capacity 42784K, committed 42828K, reserved 1087488K
  class space    used 5361K, capacity 5753K, committed 5760K, reserved 1048576K
}
Event: 6.358 GC heap before
{Heap before GC invocations=14 (full 0):
 garbage-first heap   total 96256K, used 70017K [0x0000000080000000, 0x0000000100000000)
  region size 1024K, 43 young (44032K), 3 survivors (3072K)
 Metaspace       used 45214K, capacity 46318K, committed 46412K, reserved 1089536K
  class space    used 5826K, capacity 6205K, committed 6272K, reserved 1048576K
}
Event: 6.365 GC heap after
{Heap after GC invocations=15 (full 0):
 garbage-first heap   total 96256K, used 30405K [0x0000000080000000, 0x0000000100000000)
  region size 1024K, 5 young (5120K), 5 survivors (5120K)
 Metaspace       used 45214K, capacity 46318K, committed 46412K, reserved 1089536K
  class space    used 5826K, capacity 6205K, committed 6272K, reserved 1048576K
}
Event: 8.093 GC heap before
{Heap before GC invocations=15 (full 0):
 garbage-first heap   total 96256K, used 71365K [0x0000000080000000, 0x0000000100000000)
  region size 1024K, 45 young (46080K), 5 survivors (5120K)
 Metaspace       used 48047K, capacity 49246K, committed 49356K, reserved 1091584K
  class space    used 6162K, capacity 6606K, committed 6656K, reserved 1048576K
}
Event: 8.099 GC heap after
{Heap after GC invocations=16 (full 0):
 garbage-first heap   total 115712K, used 32266K [0x0000000080000000, 0x0000000100000000)
  region size 1024K, 4 young (4096K), 4 survivors (4096K)
 Metaspace       used 48047K, capacity 49246K, committed 49356K, reserved 1091584K
  class space    used 6162K, capacity 6606K, committed 6656K, reserved 1048576K
}
Event: 9.452 GC heap before
{Heap before GC invocations=16 (full 0):
 garbage-first heap   total 115712K, used 90634K [0x0000000080000000, 0x0000000100000000)
  region size 1024K, 54 young (55296K), 4 survivors (4096K)
 Metaspace       used 50618K, capacity 51964K, committed 52044K, reserved 1093632K
  class space    used 6472K, capacity 6960K, committed 7040K, reserved 1048576K
}
Event: 9.462 GC heap after
{Heap after GC invocations=17 (full 0):
 garbage-first heap   total 115712K, used 49482K [0x0000000080000000, 0x0000000100000000)
  region size 1024K, 7 young (7168K), 7 survivors (7168K)
 Metaspace       used 50618K, capacity 51964K, committed 52044K, reserved 1093632K
  class space    used 6472K, capacity 6960K, committed 7040K, reserved 1048576K
}
Event: 10.016 GC heap before
{Heap before GC invocations=17 (full 0):
 garbage-first heap   total 115712K, used 88394K [0x0000000080000000, 0x0000000100000000)
  region size 1024K, 45 young (46080K), 7 survivors (7168K)
 Metaspace       used 56113K, capacity 57525K, committed 57804K, reserved 1099776K
  class space    used 7141K, capacity 7639K, committed 7680K, reserved 1048576K
}
Event: 10.023 GC heap after
{Heap after GC invocations=18 (full 0):
 garbage-first heap   total 115712K, used 51805K [0x0000000080000000, 0x0000000100000000)
  region size 1024K, 2 young (2048K), 2 survivors (2048K)
 Metaspace       used 56113K, capacity 57525K, committed 57804K, reserved 1099776K
  class space    used 7141K, capacity 7639K, committed 7680K, reserved 1048576K
}
Event: 10.247 GC heap before
{Heap before GC invocations=18 (full 0):
 garbage-first heap   total 115712K, used 67165K [0x0000000080000000, 0x0000000100000000)
  region size 1024K, 18 young (18432K), 2 survivors (2048K)
 Metaspace       used 58718K, capacity 60110K, committed 60288K, reserved 1101824K
  class space    used 7414K, capacity 7920K, committed 7936K, reserved 1048576K
}
Event: 10.250 GC heap after
{Heap after GC invocations=19 (full 0):
 garbage-first heap   total 115712K, used 52050K [0x0000000080000000, 0x0000000100000000)
  region size 1024K, 3 young (3072K), 3 survivors (3072K)
 Metaspace       used 58718K, capacity 60110K, committed 60288K, reserved 1101824K
  class space    used 7414K, capacity 7920K, committed 7936K, reserved 1048576K
}

