# JRE version: OpenJDK Runtime Environment (11.0.12+7) (build 11.0.12+7-b1504.28-7817840)
# Java VM: OpenJDK 64-Bit Server VM (11.0.12+7-b1504.28-7817840, mixed mode, tiered, compressed oops, g1 gc, windows-amd64)
Heap:
 garbage-first heap   total 676864K, used 289280K [0x0000000080000000, 0x0000000100000000)
  region size 1024K, 4 young (4096K), 4 survivors (4096K)
 Metaspace       used 102050K, capacity 104450K, committed 104524K, reserved 1140736K
  class space    used 13245K, capacity 14145K, committed 14208K, reserved 1048576K
GC Heap History (20 events):
Event: 18.606 GC heap after
{Heap after GC invocations=51 (full 0):
 garbage-first heap   total 194560K, used 130512K [0x0000000080000000, 0x0000000100000000)
  region size 1024K, 6 young (6144K), 6 survivors (6144K)
 Metaspace       used 99507K, capacity 101757K, committed 101964K, reserved 1138688K
  class space    used 12781K, capacity 13634K, committed 13696K, reserved 1048576K
}
Event: 18.638 GC heap before
{Heap before GC invocations=51 (full 0):
 garbage-first heap   total 197632K, used 196048K [0x0000000080000000, 0x0000000100000000)
  region size 1024K, 25 young (25600K), 6 survivors (6144K)
 Metaspace       used 99516K, capacity 101757K, committed 101964K, reserved 1138688K
  class space    used 12781K, capacity 13634K, committed 13696K, reserved 1048576K
}
Event: 18.645 GC heap after
{Heap after GC invocations=52 (full 0):
 garbage-first heap   total 253952K, used 156658K [0x0000000080000000, 0x0000000100000000)
  region size 1024K, 5 young (5120K), 5 survivors (5120K)
 Metaspace       used 99516K, capacity 101757K, committed 101964K, reserved 1138688K
  class space    used 12781K, capacity 13634K, committed 13696K, reserved 1048576K
}
Event: 18.887 GC heap before
{Heap before GC invocations=53 (full 0):
 garbage-first heap   total 253952K, used 189426K [0x0000000080000000, 0x0000000100000000)
  region size 1024K, 39 young (39936K), 5 survivors (5120K)
 Metaspace       used 99740K, capacity 102021K, committed 102220K, reserved 1138688K
  class space    used 12804K, capacity 13636K, committed 13696K, reserved 1048576K
}
Event: 18.908 GC heap after
{Heap after GC invocations=54 (full 0):
 garbage-first heap   total 253952K, used 170413K [0x0000000080000000, 0x0000000100000000)
  region size 1024K, 6 young (6144K), 6 survivors (6144K)
 Metaspace       used 99740K, capacity 102021K, committed 102220K, reserved 1138688K
  class space    used 12804K, capacity 13636K, committed 13696K, reserved 1048576K
}
Event: 19.046 GC heap before
{Heap before GC invocations=54 (full 0):
 garbage-first heap   total 253952K, used 203181K [0x0000000080000000, 0x0000000100000000)
  region size 1024K, 36 young (36864K), 6 survivors (6144K)
 Metaspace       used 99740K, capacity 102021K, committed 102220K, reserved 1138688K
  class space    used 12804K, capacity 13636K, committed 13696K, reserved 1048576K
}
Event: 19.074 GC heap after
{Heap after GC invocations=55 (full 0):
 garbage-first heap   total 253952K, used 185178K [0x0000000080000000, 0x0000000100000000)
  region size 1024K, 5 young (5120K), 5 survivors (5120K)
 Metaspace       used 99740K, capacity 102021K, committed 102220K, reserved 1138688K
  class space    used 12804K, capacity 13636K, committed 13696K, reserved 1048576K
}
Event: 19.243 GC heap before
{Heap before GC invocations=56 (full 0):
 garbage-first heap   total 253952K, used 211802K [0x0000000080000000, 0x0000000100000000)
  region size 1024K, 27 young (27648K), 5 survivors (5120K)
 Metaspace       used 101361K, capacity 103678K, committed 104012K, reserved 1138688K
  class space    used 13198K, capacity 14085K, committed 14208K, reserved 1048576K
}
Event: 19.274 GC heap after
{Heap after GC invocations=57 (full 0):
 garbage-first heap   total 253952K, used 198912K [0x0000000080000000, 0x0000000100000000)
  region size 1024K, 4 young (4096K), 4 survivors (4096K)
 Metaspace       used 101361K, capacity 103678K, committed 104012K, reserved 1138688K
  class space    used 13198K, capacity 14085K, committed 14208K, reserved 1048576K
}
Event: 19.461 GC heap before
{Heap before GC invocations=57 (full 0):
 garbage-first heap   total 253952K, used 214272K [0x0000000080000000, 0x0000000100000000)
  region size 1024K, 19 young (19456K), 4 survivors (4096K)
 Metaspace       used 101989K, capacity 104382K, committed 104524K, reserved 1140736K
  class space    used 13244K, capacity 14145K, committed 14208K, reserved 1048576K
}
Event: 19.478 GC heap after
{Heap after GC invocations=58 (full 0):
 garbage-first heap   total 253952K, used 206754K [0x0000000080000000, 0x0000000100000000)
  region size 1024K, 3 young (3072K), 3 survivors (3072K)
 Metaspace       used 101989K, capacity 104382K, committed 104524K, reserved 1140736K
  class space    used 13244K, capacity 14145K, committed 14208K, reserved 1048576K
}
Event: 19.531 GC heap before
{Heap before GC invocations=58 (full 0):
 garbage-first heap   total 253952K, used 218018K [0x0000000080000000, 0x0000000100000000)
  region size 1024K, 14 young (14336K), 3 survivors (3072K)
 Metaspace       used 102006K, capacity 104382K, committed 104524K, reserved 1140736K
  class space    used 13244K, capacity 14145K, committed 14208K, reserved 1048576K
}
Event: 19.549 GC heap after
{Heap after GC invocations=59 (full 0):
 garbage-first heap   total 375808K, used 213402K [0x0000000080000000, 0x0000000100000000)
  region size 1024K, 2 young (2048K), 2 survivors (2048K)
 Metaspace       used 102006K, capacity 104382K, committed 104524K, reserved 1140736K
  class space    used 13244K, capacity 14145K, committed 14208K, reserved 1048576K
}
Event: 19.834 GC heap before
{Heap before GC invocations=59 (full 0):
 garbage-first heap   total 375808K, used 258458K [0x0000000080000000, 0x0000000100000000)
  region size 1024K, 49 young (50176K), 2 survivors (2048K)
 Metaspace       used 102047K, capacity 104450K, committed 104524K, reserved 1140736K
  class space    used 13245K, capacity 14145K, committed 14208K, reserved 1048576K
}
Event: 19.860 GC heap after
{Heap after GC invocations=60 (full 0):
 garbage-first heap   total 375808K, used 235873K [0x0000000080000000, 0x0000000100000000)
  region size 1024K, 7 young (7168K), 7 survivors (7168K)
 Metaspace       used 102047K, capacity 104450K, committed 104524K, reserved 1140736K
  class space    used 13245K, capacity 14145K, committed 14208K, reserved 1048576K
}
Event: 19.999 GC heap before
{Heap before GC invocations=61 (full 0):
 garbage-first heap   total 375808K, used 275809K [0x0000000080000000, 0x0000000100000000)
  region size 1024K, 47 young (48128K), 7 survivors (7168K)
 Metaspace       used 102049K, capacity 104450K, committed 104524K, reserved 1140736K
  class space    used 13245K, capacity 14145K, committed 14208K, reserved 1048576K
}
Event: 20.024 GC heap after
{Heap after GC invocations=62 (full 0):
 garbage-first heap   total 375808K, used 257536K [0x0000000080000000, 0x0000000100000000)
  region size 1024K, 6 young (6144K), 6 survivors (6144K)
 Metaspace       used 102049K, capacity 104450K, committed 104524K, reserved 1140736K
  class space    used 13245K, capacity 14145K, committed 14208K, reserved 1048576K
}
Event: 20.089 GC heap before
{Heap before GC invocations=62 (full 0):
 garbage-first heap   total 375808K, used 290304K [0x0000000080000000, 0x0000000100000000)
  region size 1024K, 39 young (39936K), 6 survivors (6144K)
 Metaspace       used 102049K, capacity 104450K, committed 104524K, reserved 1140736K
  class space    used 13245K, capacity 14145K, committed 14208K, reserved 1048576K
}
Event: 20.112 GC heap after
{Heap after GC invocations=63 (full 0):
 garbage-first heap   total 375808K, used 275456K [0x0000000080000000, 0x0000000100000000)
  region size 1024K, 5 young (5120K), 5 survivors (5120K)
 Metaspace       used 102049K, capacity 104450K, committed 104524K, reserved 1140736K
  class space    used 13245K, capacity 14145K, committed 14208K, reserved 1048576K
}
Event: 20.205 GC heap before
{Heap before GC invocations=63 (full 0):
 garbage-first heap   total 375808K, used 301056K [0x0000000080000000, 0x0000000100000000)
  region size 1024K, 31 young (31744K), 5 survivors (5120K)
 Metaspace       used 102050K, capacity 104450K, committed 104524K, reserved 1140736K
  class space    used 13245K, capacity 14145K, committed 14208K, reserved 1048576K
}

