# JRE version: OpenJDK Runtime Environment (11.0.12+7) (build 11.0.12+7-b1504.28-7817840)
# Java VM: OpenJDK 64-Bit Server VM (11.0.12+7-b1504.28-7817840, mixed mode, tiered, compressed oops, g1 gc, windows-amd64)
Heap:
 garbage-first heap   total 377856K, used 210549K [0x0000000080000000, 0x0000000100000000)
  region size 1024K, 2 young (2048K), 2 survivors (2048K)
 Metaspace       used 111200K, capacity 114245K, committed 114304K, reserved 1148928K
  class space    used 14612K, capacity 15735K, committed 15744K, reserved 1048576K
GC Heap History (20 events):
Event: 46.204 GC heap after
{Heap after GC invocations=60 (full 0):
 garbage-first heap   total 208896K, used 159303K [0x0000000080000000, 0x0000000100000000)
  region size 1024K, 4 young (4096K), 4 survivors (4096K)
 Metaspace       used 109969K, capacity 113018K, committed 113152K, reserved 1146880K
  class space    used 14381K, capacity 15523K, committed 15616K, reserved 1048576K
}
Event: 46.242 GC heap before
{Heap before GC invocations=61 (full 0):
 garbage-first heap   total 208896K, used 167495K [0x0000000080000000, 0x0000000100000000)
  region size 1024K, 14 young (14336K), 4 survivors (4096K)
 Metaspace       used 109969K, capacity 113018K, committed 113152K, reserved 1146880K
  class space    used 14381K, capacity 15523K, committed 15616K, reserved 1048576K
}
Event: 46.257 GC heap after
{Heap after GC invocations=62 (full 0):
 garbage-first heap   total 208896K, used 163840K [0x0000000080000000, 0x0000000100000000)
  region size 1024K, 3 young (3072K), 3 survivors (3072K)
 Metaspace       used 109969K, capacity 113018K, committed 113152K, reserved 1146880K
  class space    used 14381K, capacity 15523K, committed 15616K, reserved 1048576K
}
Event: 46.314 GC heap before
{Heap before GC invocations=62 (full 0):
 garbage-first heap   total 208896K, used 178176K [0x0000000080000000, 0x0000000100000000)
  region size 1024K, 14 young (14336K), 3 survivors (3072K)
 Metaspace       used 109969K, capacity 113018K, committed 113152K, reserved 1146880K
  class space    used 14381K, capacity 15523K, committed 15616K, reserved 1048576K
}
Event: 46.326 GC heap after
{Heap after GC invocations=63 (full 0):
 garbage-first heap   total 208896K, used 172032K [0x0000000080000000, 0x0000000100000000)
  region size 1024K, 2 young (2048K), 2 survivors (2048K)
 Metaspace       used 109969K, capacity 113018K, committed 113152K, reserved 1146880K
  class space    used 14381K, capacity 15523K, committed 15616K, reserved 1048576K
}
Event: 46.363 GC heap before
{Heap before GC invocations=63 (full 0):
 garbage-first heap   total 208896K, used 182272K [0x0000000080000000, 0x0000000100000000)
  region size 1024K, 10 young (10240K), 2 survivors (2048K)
 Metaspace       used 109970K, capacity 113018K, committed 113152K, reserved 1146880K
  class space    used 14381K, capacity 15523K, committed 15616K, reserved 1048576K
}
Event: 46.374 GC heap after
{Heap after GC invocations=64 (full 0):
 garbage-first heap   total 208896K, used 177740K [0x0000000080000000, 0x0000000100000000)
  region size 1024K, 2 young (2048K), 2 survivors (2048K)
 Metaspace       used 109970K, capacity 113018K, committed 113152K, reserved 1146880K
  class space    used 14381K, capacity 15523K, committed 15616K, reserved 1048576K
}
Event: 46.460 GC heap before
{Heap before GC invocations=64 (full 0):
 garbage-first heap   total 208896K, used 185932K [0x0000000080000000, 0x0000000100000000)
  region size 1024K, 10 young (10240K), 2 survivors (2048K)
 Metaspace       used 110892K, capacity 113991K, committed 114048K, reserved 1146880K
  class space    used 14605K, capacity 15741K, committed 15744K, reserved 1048576K
}
Event: 46.469 GC heap after
{Heap after GC invocations=65 (full 0):
 garbage-first heap   total 208896K, used 182125K [0x0000000080000000, 0x0000000100000000)
  region size 1024K, 2 young (2048K), 2 survivors (2048K)
 Metaspace       used 110892K, capacity 113991K, committed 114048K, reserved 1146880K
  class space    used 14605K, capacity 15741K, committed 15744K, reserved 1048576K
}
Event: 46.612 GC heap before
{Heap before GC invocations=65 (full 0):
 garbage-first heap   total 208896K, used 189293K [0x0000000080000000, 0x0000000100000000)
  region size 1024K, 10 young (10240K), 2 survivors (2048K)
 Metaspace       used 111104K, capacity 114173K, committed 114304K, reserved 1148928K
  class space    used 14611K, capacity 15735K, committed 15744K, reserved 1048576K
}
Event: 46.620 GC heap after
{Heap after GC invocations=66 (full 0):
 garbage-first heap   total 208896K, used 186519K [0x0000000080000000, 0x0000000100000000)
  region size 1024K, 2 young (2048K), 2 survivors (2048K)
 Metaspace       used 111104K, capacity 114173K, committed 114304K, reserved 1148928K
  class space    used 14611K, capacity 15735K, committed 15744K, reserved 1048576K
}
Event: 46.664 GC heap before
{Heap before GC invocations=67 (full 0):
 garbage-first heap   total 208896K, used 193687K [0x0000000080000000, 0x0000000100000000)
  region size 1024K, 10 young (10240K), 2 survivors (2048K)
 Metaspace       used 111128K, capacity 114178K, committed 114304K, reserved 1148928K
  class space    used 14611K, capacity 15735K, committed 15744K, reserved 1048576K
}
Event: 46.672 GC heap after
{Heap after GC invocations=68 (full 0):
 garbage-first heap   total 208896K, used 191182K [0x0000000080000000, 0x0000000100000000)
  region size 1024K, 2 young (2048K), 2 survivors (2048K)
 Metaspace       used 111128K, capacity 114178K, committed 114304K, reserved 1148928K
  class space    used 14611K, capacity 15735K, committed 15744K, reserved 1048576K
}
Event: 46.707 GC heap before
{Heap before GC invocations=68 (full 0):
 garbage-first heap   total 208896K, used 199374K [0x0000000080000000, 0x0000000100000000)
  region size 1024K, 10 young (10240K), 2 survivors (2048K)
 Metaspace       used 111135K, capacity 114178K, committed 114304K, reserved 1148928K
  class space    used 14611K, capacity 15735K, committed 15744K, reserved 1048576K
}
Event: 46.713 GC heap after
{Heap after GC invocations=69 (full 0):
 garbage-first heap   total 208896K, used 195918K [0x0000000080000000, 0x0000000100000000)
  region size 1024K, 2 young (2048K), 2 survivors (2048K)
 Metaspace       used 111135K, capacity 114178K, committed 114304K, reserved 1148928K
  class space    used 14611K, capacity 15735K, committed 15744K, reserved 1048576K
}
Event: 46.758 GC heap before
{Heap before GC invocations=69 (full 0):
 garbage-first heap   total 208896K, used 204110K [0x0000000080000000, 0x0000000100000000)
  region size 1024K, 10 young (10240K), 2 survivors (2048K)
 Metaspace       used 111140K, capacity 114178K, committed 114304K, reserved 1148928K
  class space    used 14611K, capacity 15735K, committed 15744K, reserved 1048576K
}
Event: 46.767 GC heap after
{Heap after GC invocations=70 (full 0):
 garbage-first heap   total 210944K, used 200536K [0x0000000080000000, 0x0000000100000000)
  region size 1024K, 2 young (2048K), 2 survivors (2048K)
 Metaspace       used 111140K, capacity 114178K, committed 114304K, reserved 1148928K
  class space    used 14611K, capacity 15735K, committed 15744K, reserved 1048576K
}
Event: 46.822 GC heap before
{Heap before GC invocations=70 (full 0):
 garbage-first heap   total 210944K, used 208728K [0x0000000080000000, 0x0000000100000000)
  region size 1024K, 10 young (10240K), 2 survivors (2048K)
 Metaspace       used 111147K, capacity 114242K, committed 114304K, reserved 1148928K
  class space    used 14611K, capacity 15735K, committed 15744K, reserved 1048576K
}
Event: 46.829 GC heap after
{Heap after GC invocations=71 (full 0):
 garbage-first heap   total 216064K, used 205218K [0x0000000080000000, 0x0000000100000000)
  region size 1024K, 2 young (2048K), 2 survivors (2048K)
 Metaspace       used 111147K, capacity 114242K, committed 114304K, reserved 1148928K
  class space    used 14611K, capacity 15735K, committed 15744K, reserved 1048576K
}
Event: 46.929 GC heap before
{Heap before GC invocations=71 (full 0):
 garbage-first heap   total 216064K, used 212386K [0x0000000080000000, 0x0000000100000000)
  region size 1024K, 10 young (10240K), 2 survivors (2048K)
 Metaspace       used 111200K, capacity 114245K, committed 114304K, reserved 1148928K
  class space    used 14612K, capacity 15735K, committed 15744K, reserved 1048576K
}

