# JRE version: OpenJDK Runtime Environment (11.0.12+7) (build 11.0.12+7-b1504.28-7817840)
# Java VM: OpenJDK 64-Bit Server VM (11.0.12+7-b1504.28-7817840, mixed mode, tiered, compressed oops, g1 gc, windows-amd64)
Heap:
 garbage-first heap   total 192512K, used 87149K [0x0000000080000000, 0x0000000100000000)
  region size 1024K, 4 young (4096K), 4 survivors (4096K)
 Metaspace       used 89426K, capacity 91664K, committed 91776K, reserved 1128448K
  class space    used 11529K, capacity 12374K, committed 12416K, reserved 1048576K
GC Heap History (20 events):
Event: 8.146 GC heap after
{Heap after GC invocations=21 (full 0):
 garbage-first heap   total 110592K, used 55275K [0x0000000080000000, 0x0000000100000000)
  region size 1024K, 5 young (5120K), 5 survivors (5120K)
 Metaspace       used 62357K, capacity 63878K, committed 64128K, reserved 1105920K
  class space    used 7886K, capacity 8454K, committed 8576K, reserved 1048576K
}
Event: 8.514 GC heap before
{Heap before GC invocations=22 (full 0):
 garbage-first heap   total 110592K, used 87019K [0x0000000080000000, 0x0000000100000000)
  region size 1024K, 36 young (36864K), 5 survivors (5120K)
 Metaspace       used 65083K, capacity 66666K, committed 66944K, reserved 1107968K
  class space    used 8204K, capacity 8759K, committed 8832K, reserved 1048576K
}
Event: 8.521 GC heap after
{Heap after GC invocations=23 (full 0):
 garbage-first heap   total 133120K, used 57633K [0x0000000080000000, 0x0000000100000000)
  region size 1024K, 3 young (3072K), 3 survivors (3072K)
 Metaspace       used 65083K, capacity 66666K, committed 66944K, reserved 1107968K
  class space    used 8204K, capacity 8759K, committed 8832K, reserved 1048576K
}
Event: 9.059 GC heap before
{Heap before GC invocations=23 (full 0):
 garbage-first heap   total 133120K, used 98593K [0x0000000080000000, 0x0000000100000000)
  region size 1024K, 42 young (43008K), 3 survivors (3072K)
 Metaspace       used 68673K, capacity 70203K, committed 70528K, reserved 1110016K
  class space    used 8672K, capacity 9245K, committed 9344K, reserved 1048576K
}
Event: 9.064 GC heap after
{Heap after GC invocations=24 (full 0):
 garbage-first heap   total 133120K, used 59289K [0x0000000080000000, 0x0000000100000000)
  region size 1024K, 4 young (4096K), 4 survivors (4096K)
 Metaspace       used 68673K, capacity 70203K, committed 70528K, reserved 1110016K
  class space    used 8672K, capacity 9245K, committed 9344K, reserved 1048576K
}
Event: 9.271 GC heap before
{Heap before GC invocations=24 (full 0):
 garbage-first heap   total 133120K, used 100249K [0x0000000080000000, 0x0000000100000000)
  region size 1024K, 44 young (45056K), 4 survivors (4096K)
 Metaspace       used 68980K, capacity 70642K, committed 70784K, reserved 1110016K
  class space    used 8731K, capacity 9327K, committed 9344K, reserved 1048576K
}
Event: 9.278 GC heap after
{Heap after GC invocations=25 (full 0):
 garbage-first heap   total 133120K, used 62674K [0x0000000080000000, 0x0000000100000000)
  region size 1024K, 6 young (6144K), 6 survivors (6144K)
 Metaspace       used 68980K, capacity 70642K, committed 70784K, reserved 1110016K
  class space    used 8731K, capacity 9327K, committed 9344K, reserved 1048576K
}
Event: 9.972 GC heap before
{Heap before GC invocations=25 (full 0):
 garbage-first heap   total 133120K, used 102610K [0x0000000080000000, 0x0000000100000000)
  region size 1024K, 45 young (46080K), 6 survivors (6144K)
 Metaspace       used 73191K, capacity 74807K, committed 75136K, reserved 1114112K
  class space    used 9415K, capacity 10012K, committed 10112K, reserved 1048576K
}
Event: 9.979 GC heap after
{Heap after GC invocations=26 (full 0):
 garbage-first heap   total 133120K, used 64835K [0x0000000080000000, 0x0000000100000000)
  region size 1024K, 3 young (3072K), 3 survivors (3072K)
 Metaspace       used 73191K, capacity 74807K, committed 75136K, reserved 1114112K
  class space    used 9415K, capacity 10012K, committed 10112K, reserved 1048576K
}
Event: 10.369 GC heap before
{Heap before GC invocations=26 (full 0):
 garbage-first heap   total 133120K, used 104771K [0x0000000080000000, 0x0000000100000000)
  region size 1024K, 42 young (43008K), 3 survivors (3072K)
 Metaspace       used 75501K, capacity 77210K, committed 77440K, reserved 1116160K
  class space    used 9742K, capacity 10356K, committed 10368K, reserved 1048576K
}
Event: 10.377 GC heap after
{Heap after GC invocations=27 (full 0):
 garbage-first heap   total 133120K, used 67675K [0x0000000080000000, 0x0000000100000000)
  region size 1024K, 6 young (6144K), 6 survivors (6144K)
 Metaspace       used 75501K, capacity 77210K, committed 77440K, reserved 1116160K
  class space    used 9742K, capacity 10356K, committed 10368K, reserved 1048576K
}
Event: 10.868 GC heap before
{Heap before GC invocations=28 (full 0):
 garbage-first heap   total 133120K, used 106587K [0x0000000080000000, 0x0000000100000000)
  region size 1024K, 44 young (45056K), 6 survivors (6144K)
 Metaspace       used 78164K, capacity 79946K, committed 80256K, reserved 1118208K
  class space    used 10145K, capacity 10810K, committed 10880K, reserved 1048576K
}
Event: 10.877 GC heap after
{Heap after GC invocations=29 (full 0):
 garbage-first heap   total 159744K, used 70488K [0x0000000080000000, 0x0000000100000000)
  region size 1024K, 6 young (6144K), 6 survivors (6144K)
 Metaspace       used 78164K, capacity 79946K, committed 80256K, reserved 1118208K
  class space    used 10145K, capacity 10810K, committed 10880K, reserved 1048576K
}
Event: 11.786 GC heap before
{Heap before GC invocations=29 (full 0):
 garbage-first heap   total 159744K, used 121688K [0x0000000080000000, 0x0000000100000000)
  region size 1024K, 56 young (57344K), 6 survivors (6144K)
 Metaspace       used 83534K, capacity 85377K, committed 85632K, reserved 1124352K
  class space    used 10861K, capacity 11535K, committed 11648K, reserved 1048576K
}
Event: 11.793 GC heap after
{Heap after GC invocations=30 (full 0):
 garbage-first heap   total 159744K, used 73329K [0x0000000080000000, 0x0000000100000000)
  region size 1024K, 6 young (6144K), 6 survivors (6144K)
 Metaspace       used 83534K, capacity 85377K, committed 85632K, reserved 1124352K
  class space    used 10861K, capacity 11535K, committed 11648K, reserved 1048576K
}
Event: 12.463 GC heap before
{Heap before GC invocations=30 (full 0):
 garbage-first heap   total 159744K, used 122481K [0x0000000080000000, 0x0000000100000000)
  region size 1024K, 55 young (56320K), 6 survivors (6144K)
 Metaspace       used 87533K, capacity 89540K, committed 89728K, reserved 1126400K
  class space    used 11313K, capacity 12057K, committed 12160K, reserved 1048576K
}
Event: 12.474 GC heap after
{Heap after GC invocations=31 (full 0):
 garbage-first heap   total 159744K, used 79500K [0x0000000080000000, 0x0000000100000000)
  region size 1024K, 7 young (7168K), 7 survivors (7168K)
 Metaspace       used 87533K, capacity 89540K, committed 89728K, reserved 1126400K
  class space    used 11313K, capacity 12057K, committed 12160K, reserved 1048576K
}
Event: 13.080 GC heap before
{Heap before GC invocations=31 (full 0):
 garbage-first heap   total 159744K, used 125580K [0x0000000080000000, 0x0000000100000000)
  region size 1024K, 53 young (54272K), 7 survivors (7168K)
 Metaspace       used 88739K, capacity 90924K, committed 91264K, reserved 1128448K
  class space    used 11483K, capacity 12319K, committed 12416K, reserved 1048576K
}
Event: 13.091 GC heap after
{Heap after GC invocations=32 (full 0):
 garbage-first heap   total 159744K, used 83560K [0x0000000080000000, 0x0000000100000000)
  region size 1024K, 4 young (4096K), 4 survivors (4096K)
 Metaspace       used 88739K, capacity 90924K, committed 91264K, reserved 1128448K
  class space    used 11483K, capacity 12319K, committed 12416K, reserved 1048576K
}
Event: 13.931 GC heap before
{Heap before GC invocations=33 (full 0):
 garbage-first heap   total 159744K, used 127592K [0x0000000080000000, 0x0000000100000000)
  region size 1024K, 48 young (49152K), 4 survivors (4096K)
 Metaspace       used 89426K, capacity 91664K, committed 91776K, reserved 1128448K
  class space    used 11529K, capacity 12374K, committed 12416K, reserved 1048576K
}

