# JRE version: OpenJDK Runtime Environment (11.0.12+7) (build 11.0.12+7-b1504.28-7817840)
# Java VM: OpenJDK 64-Bit Server VM (11.0.12+7-b1504.28-7817840, mixed mode, tiered, compressed oops, g1 gc, windows-amd64)
Heap:
 garbage-first heap   total 576512K, used 222500K [0x0000000080000000, 0x0000000100000000)
  region size 1024K, 2 young (2048K), 2 survivors (2048K)
 Metaspace       used 111166K, capacity 114267K, committed 114508K, reserved 1148928K
  class space    used 14610K, capacity 15742K, committed 15820K, reserved 1048576K
GC Heap History (20 events):
Event: 25.245 GC heap after
{Heap after GC invocations=51 (full 0):
 garbage-first heap   total 203776K, used 171946K [0x0000000080000000, 0x0000000100000000)
  region size 1024K, 2 young (2048K), 2 survivors (2048K)
 Metaspace       used 109943K, capacity 112987K, committed 113228K, reserved 1146880K
  class space    used 14371K, capacity 15512K, committed 15564K, reserved 1048576K
}
Event: 25.284 GC heap before
{Heap before GC invocations=52 (full 0):
 garbage-first heap   total 203776K, used 180138K [0x0000000080000000, 0x0000000100000000)
  region size 1024K, 9 young (9216K), 2 survivors (2048K)
 Metaspace       used 109943K, capacity 112987K, committed 113228K, reserved 1146880K
  class space    used 14371K, capacity 15512K, committed 15564K, reserved 1048576K
}
Event: 25.299 GC heap after
{Heap after GC invocations=53 (full 0):
 garbage-first heap   total 203776K, used 178176K [0x0000000080000000, 0x0000000100000000)
  region size 1024K, 2 young (2048K), 2 survivors (2048K)
 Metaspace       used 109943K, capacity 112987K, committed 113228K, reserved 1146880K
  class space    used 14371K, capacity 15512K, committed 15564K, reserved 1048576K
}
Event: 25.328 GC heap before
{Heap before GC invocations=53 (full 0):
 garbage-first heap   total 203776K, used 185344K [0x0000000080000000, 0x0000000100000000)
  region size 1024K, 9 young (9216K), 2 survivors (2048K)
 Metaspace       used 109944K, capacity 112987K, committed 113228K, reserved 1146880K
  class space    used 14371K, capacity 15512K, committed 15564K, reserved 1048576K
}
Event: 25.340 GC heap after
{Heap after GC invocations=54 (full 0):
 garbage-first heap   total 203776K, used 181058K [0x0000000080000000, 0x0000000100000000)
  region size 1024K, 2 young (2048K), 2 survivors (2048K)
 Metaspace       used 109944K, capacity 112987K, committed 113228K, reserved 1146880K
  class space    used 14371K, capacity 15512K, committed 15564K, reserved 1048576K
}
Event: 25.429 GC heap before
{Heap before GC invocations=54 (full 0):
 garbage-first heap   total 203776K, used 188226K [0x0000000080000000, 0x0000000100000000)
  region size 1024K, 9 young (9216K), 2 survivors (2048K)
 Metaspace       used 110916K, capacity 113992K, committed 114252K, reserved 1148928K
  class space    used 14610K, capacity 15742K, committed 15820K, reserved 1048576K
}
Event: 25.436 GC heap after
{Heap after GC invocations=55 (full 0):
 garbage-first heap   total 203776K, used 185241K [0x0000000080000000, 0x0000000100000000)
  region size 1024K, 2 young (2048K), 2 survivors (2048K)
 Metaspace       used 110916K, capacity 113992K, committed 114252K, reserved 1148928K
  class space    used 14610K, capacity 15742K, committed 15820K, reserved 1048576K
}
Event: 25.504 GC heap before
{Heap before GC invocations=55 (full 0):
 garbage-first heap   total 203776K, used 191385K [0x0000000080000000, 0x0000000100000000)
  region size 1024K, 9 young (9216K), 2 survivors (2048K)
 Metaspace       used 111092K, capacity 114190K, committed 114508K, reserved 1148928K
  class space    used 14610K, capacity 15742K, committed 15820K, reserved 1048576K
}
Event: 25.512 GC heap after
{Heap after GC invocations=56 (full 0):
 garbage-first heap   total 203776K, used 189103K [0x0000000080000000, 0x0000000100000000)
  region size 1024K, 2 young (2048K), 2 survivors (2048K)
 Metaspace       used 111092K, capacity 114190K, committed 114508K, reserved 1148928K
  class space    used 14610K, capacity 15742K, committed 15820K, reserved 1048576K
}
Event: 25.543 GC heap before
{Heap before GC invocations=56 (full 0):
 garbage-first heap   total 203776K, used 196271K [0x0000000080000000, 0x0000000100000000)
  region size 1024K, 9 young (9216K), 2 survivors (2048K)
 Metaspace       used 111133K, capacity 114197K, committed 114508K, reserved 1148928K
  class space    used 14610K, capacity 15742K, committed 15820K, reserved 1048576K
}
Event: 25.549 GC heap after
{Heap after GC invocations=57 (full 0):
 garbage-first heap   total 203776K, used 192997K [0x0000000080000000, 0x0000000100000000)
  region size 1024K, 2 young (2048K), 2 survivors (2048K)
 Metaspace       used 111133K, capacity 114197K, committed 114508K, reserved 1148928K
  class space    used 14610K, capacity 15742K, committed 15820K, reserved 1048576K
}
Event: 25.578 GC heap before
{Heap before GC invocations=57 (full 0):
 garbage-first heap   total 203776K, used 199141K [0x0000000080000000, 0x0000000100000000)
  region size 1024K, 9 young (9216K), 2 survivors (2048K)
 Metaspace       used 111140K, capacity 114199K, committed 114508K, reserved 1148928K
  class space    used 14610K, capacity 15742K, committed 15820K, reserved 1048576K
}
Event: 25.585 GC heap after
{Heap after GC invocations=58 (full 0):
 garbage-first heap   total 262144K, used 197328K [0x0000000080000000, 0x0000000100000000)
  region size 1024K, 2 young (2048K), 2 survivors (2048K)
 Metaspace       used 111140K, capacity 114199K, committed 114508K, reserved 1148928K
  class space    used 14610K, capacity 15742K, committed 15820K, reserved 1048576K
}
Event: 25.654 GC heap before
{Heap before GC invocations=58 (full 0):
 garbage-first heap   total 262144K, used 210640K [0x0000000080000000, 0x0000000100000000)
  region size 1024K, 17 young (17408K), 2 survivors (2048K)
 Metaspace       used 111144K, capacity 114200K, committed 114508K, reserved 1148928K
  class space    used 14610K, capacity 15742K, committed 15820K, reserved 1048576K
}
Event: 25.664 GC heap after
{Heap after GC invocations=59 (full 0):
 garbage-first heap   total 262144K, used 203338K [0x0000000080000000, 0x0000000100000000)
  region size 1024K, 3 young (3072K), 3 survivors (3072K)
 Metaspace       used 111144K, capacity 114200K, committed 114508K, reserved 1148928K
  class space    used 14610K, capacity 15742K, committed 15820K, reserved 1048576K
}
Event: 25.706 GC heap before
{Heap before GC invocations=59 (full 0):
 garbage-first heap   total 262144K, used 215626K [0x0000000080000000, 0x0000000100000000)
  region size 1024K, 16 young (16384K), 3 survivors (3072K)
 Metaspace       used 111159K, capacity 114267K, committed 114508K, reserved 1148928K
  class space    used 14610K, capacity 15742K, committed 15820K, reserved 1048576K
}
Event: 25.719 GC heap after
{Heap after GC invocations=60 (full 0):
 garbage-first heap   total 262144K, used 211242K [0x0000000080000000, 0x0000000100000000)
  region size 1024K, 2 young (2048K), 2 survivors (2048K)
 Metaspace       used 111159K, capacity 114267K, committed 114508K, reserved 1148928K
  class space    used 14610K, capacity 15742K, committed 15820K, reserved 1048576K
}
Event: 25.749 GC heap before
{Heap before GC invocations=60 (full 0):
 garbage-first heap   total 262144K, used 220458K [0x0000000080000000, 0x0000000100000000)
  region size 1024K, 12 young (12288K), 2 survivors (2048K)
 Metaspace       used 111163K, capacity 114267K, committed 114508K, reserved 1148928K
  class space    used 14610K, capacity 15742K, committed 15820K, reserved 1048576K
}
Event: 25.762 GC heap after
{Heap after GC invocations=61 (full 0):
 garbage-first heap   total 262144K, used 217088K [0x0000000080000000, 0x0000000100000000)
  region size 1024K, 2 young (2048K), 2 survivors (2048K)
 Metaspace       used 111163K, capacity 114267K, committed 114508K, reserved 1148928K
  class space    used 14610K, capacity 15742K, committed 15820K, reserved 1048576K
}
Event: 25.789 GC heap before
{Heap before GC invocations=61 (full 0):
 garbage-first heap   total 262144K, used 227328K [0x0000000080000000, 0x0000000100000000)
  region size 1024K, 12 young (12288K), 2 survivors (2048K)
 Metaspace       used 111166K, capacity 114267K, committed 114508K, reserved 1148928K
  class space    used 14610K, capacity 15742K, committed 15820K, reserved 1048576K
}

