# JRE version: OpenJDK Runtime Environment (11.0.12+7) (build 11.0.12+7-b1504.28-7817840)
# Java VM: OpenJDK 64-Bit Server VM (11.0.12+7-b1504.28-7817840, mixed mode, tiered, compressed oops, g1 gc, windows-amd64)
Heap:
 garbage-first heap   total 95232K, used 43450K [0x00000000c2e00000, 0x0000000100000000)
  region size 1024K, 13 young (13312K), 4 survivors (4096K)
 Metaspace       used 51372K, capacity 51969K, committed 52252K, reserved 1095680K
  class space    used 5977K, capacity 6226K, committed 6348K, reserved 1048576K
GC Heap History (20 events):
Event: 0.411 GC heap before
{Heap before GC invocations=0 (full 0):
 garbage-first heap   total 63488K, used 17408K [0x00000000c2e00000, 0x0000000100000000)
  region size 1024K, 14 young (14336K), 0 survivors (0K)
 Metaspace       used 9798K, capacity 9874K, committed 10112K, reserved 1058816K
  class space    used 838K, capacity 885K, committed 896K, reserved 1048576K
}
Event: 0.414 GC heap after
{Heap after GC invocations=1 (full 0):
 garbage-first heap   total 63488K, used 5285K [0x00000000c2e00000, 0x0000000100000000)
  region size 1024K, 2 young (2048K), 2 survivors (2048K)
 Metaspace       used 9798K, capacity 9874K, committed 10112K, reserved 1058816K
  class space    used 838K, capacity 885K, committed 896K, reserved 1048576K
}
Event: 0.950 GC heap before
{Heap before GC invocations=1 (full 0):
 garbage-first heap   total 63488K, used 41125K [0x00000000c2e00000, 0x0000000100000000)
  region size 1024K, 37 young (37888K), 2 survivors (2048K)
 Metaspace       used 18218K, capacity 18478K, committed 18688K, reserved 1067008K
  class space    used 1867K, capacity 1973K, committed 2048K, reserved 1048576K
}
Event: 0.959 GC heap after
{Heap after GC invocations=2 (full 0):
 garbage-first heap   total 63488K, used 8604K [0x00000000c2e00000, 0x0000000100000000)
  region size 1024K, 5 young (5120K), 5 survivors (5120K)
 Metaspace       used 18218K, capacity 18478K, committed 18688K, reserved 1067008K
  class space    used 1867K, capacity 1973K, committed 2048K, reserved 1048576K
}
Event: 1.125 GC heap before
{Heap before GC invocations=2 (full 0):
 garbage-first heap   total 63488K, used 18844K [0x00000000c2e00000, 0x0000000100000000)
  region size 1024K, 16 young (16384K), 5 survivors (5120K)
 Metaspace       used 20884K, capacity 21087K, committed 21296K, reserved 1069056K
  class space    used 2219K, capacity 2312K, committed 2432K, reserved 1048576K
}
Event: 1.134 GC heap after
{Heap after GC invocations=3 (full 0):
 garbage-first heap   total 63488K, used 9321K [0x00000000c2e00000, 0x0000000100000000)
  region size 1024K, 1 young (1024K), 1 survivors (1024K)
 Metaspace       used 20884K, capacity 21087K, committed 21296K, reserved 1069056K
  class space    used 2219K, capacity 2312K, committed 2432K, reserved 1048576K
}
Event: 1.524 GC heap before
{Heap before GC invocations=4 (full 0):
 garbage-first heap   total 63488K, used 33897K [0x00000000c2e00000, 0x0000000100000000)
  region size 1024K, 23 young (23552K), 1 survivors (1024K)
 Metaspace       used 27680K, capacity 28115K, committed 28208K, reserved 1075200K
  class space    used 3019K, capacity 3179K, committed 3200K, reserved 1048576K
}
Event: 1.527 GC heap after
{Heap after GC invocations=5 (full 0):
 garbage-first heap   total 63488K, used 14095K [0x00000000c2e00000, 0x0000000100000000)
  region size 1024K, 3 young (3072K), 3 survivors (3072K)
 Metaspace       used 27680K, capacity 28115K, committed 28208K, reserved 1075200K
  class space    used 3019K, capacity 3179K, committed 3200K, reserved 1048576K
}
Event: 1.956 GC heap before
{Heap before GC invocations=5 (full 0):
 garbage-first heap   total 63488K, used 39695K [0x00000000c2e00000, 0x0000000100000000)
  region size 1024K, 26 young (26624K), 3 survivors (3072K)
 Metaspace       used 30499K, capacity 30930K, committed 31152K, reserved 1077248K
  class space    used 3625K, capacity 3797K, committed 3840K, reserved 1048576K
}
Event: 1.972 GC heap after
{Heap after GC invocations=6 (full 0):
 garbage-first heap   total 76800K, used 21205K [0x00000000c2e00000, 0x0000000100000000)
  region size 1024K, 4 young (4096K), 4 survivors (4096K)
 Metaspace       used 30499K, capacity 30930K, committed 31152K, reserved 1077248K
  class space    used 3625K, capacity 3797K, committed 3840K, reserved 1048576K
}
Event: 2.299 GC heap before
{Heap before GC invocations=6 (full 0):
 garbage-first heap   total 76800K, used 41685K [0x00000000c2e00000, 0x0000000100000000)
  region size 1024K, 25 young (25600K), 4 survivors (4096K)
 Metaspace       used 35385K, capacity 35779K, committed 35920K, reserved 1081344K
  class space    used 4384K, capacity 4539K, committed 4608K, reserved 1048576K
}
Event: 2.307 GC heap after
{Heap after GC invocations=7 (full 0):
 garbage-first heap   total 76800K, used 23524K [0x00000000c2e00000, 0x0000000100000000)
  region size 1024K, 2 young (2048K), 2 survivors (2048K)
 Metaspace       used 35385K, capacity 35779K, committed 35920K, reserved 1081344K
  class space    used 4384K, capacity 4539K, committed 4608K, reserved 1048576K
}
Event: 2.615 GC heap before
{Heap before GC invocations=8 (full 0):
 garbage-first heap   total 76800K, used 48100K [0x00000000c2e00000, 0x0000000100000000)
  region size 1024K, 27 young (27648K), 2 survivors (2048K)
 Metaspace       used 39852K, capacity 40361K, committed 40476K, reserved 1085440K
  class space    used 4790K, capacity 4997K, committed 5068K, reserved 1048576K
}
Event: 2.622 GC heap after
{Heap after GC invocations=9 (full 0):
 garbage-first heap   total 76800K, used 26624K [0x00000000c2e00000, 0x0000000100000000)
  region size 1024K, 4 young (4096K), 4 survivors (4096K)
 Metaspace       used 39852K, capacity 40361K, committed 40476K, reserved 1085440K
  class space    used 4790K, capacity 4997K, committed 5068K, reserved 1048576K
}
Event: 3.088 GC heap before
{Heap before GC invocations=9 (full 0):
 garbage-first heap   total 76800K, used 50176K [0x00000000c2e00000, 0x0000000100000000)
  region size 1024K, 28 young (28672K), 4 survivors (4096K)
 Metaspace       used 46052K, capacity 46530K, committed 46748K, reserved 1091584K
  class space    used 5454K, capacity 5639K, committed 5708K, reserved 1048576K
}
Event: 3.097 GC heap after
{Heap after GC invocations=10 (full 0):
 garbage-first heap   total 76800K, used 29531K [0x00000000c2e00000, 0x0000000100000000)
  region size 1024K, 3 young (3072K), 3 survivors (3072K)
 Metaspace       used 46052K, capacity 46530K, committed 46748K, reserved 1091584K
  class space    used 5454K, capacity 5639K, committed 5708K, reserved 1048576K
}
Event: 3.220 GC heap before
{Heap before GC invocations=10 (full 0):
 garbage-first heap   total 76800K, used 53083K [0x00000000c2e00000, 0x0000000100000000)
  region size 1024K, 26 young (26624K), 3 survivors (3072K)
 Metaspace       used 46792K, capacity 47261K, committed 47644K, reserved 1091584K
  class space    used 5518K, capacity 5713K, committed 5836K, reserved 1048576K
}
Event: 3.227 GC heap after
{Heap after GC invocations=11 (full 0):
 garbage-first heap   total 95232K, used 31968K [0x00000000c2e00000, 0x0000000100000000)
  region size 1024K, 3 young (3072K), 3 survivors (3072K)
 Metaspace       used 46792K, capacity 47261K, committed 47644K, reserved 1091584K
  class space    used 5518K, capacity 5713K, committed 5836K, reserved 1048576K
}
Event: 3.509 GC heap before
{Heap before GC invocations=11 (full 0):
 garbage-first heap   total 95232K, used 61664K [0x00000000c2e00000, 0x0000000100000000)
  region size 1024K, 32 young (32768K), 3 survivors (3072K)
 Metaspace       used 49058K, capacity 49570K, committed 49820K, reserved 1093632K
  class space    used 5725K, capacity 5920K, committed 5964K, reserved 1048576K
}
Event: 3.518 GC heap after
{Heap after GC invocations=12 (full 0):
 garbage-first heap   total 95232K, used 35258K [0x00000000c2e00000, 0x0000000100000000)
  region size 1024K, 4 young (4096K), 4 survivors (4096K)
 Metaspace       used 49058K, capacity 49570K, committed 49820K, reserved 1093632K
  class space    used 5725K, capacity 5920K, committed 5964K, reserved 1048576K
}

