# JRE version: OpenJDK Runtime Environment (11.0.12+7) (build 11.0.12+7-b1504.28-7817840)
# Java VM: OpenJDK 64-Bit Server VM (11.0.12+7-b1504.28-7817840, mixed mode, tiered, compressed oops, g1 gc, windows-amd64)
Heap:
 garbage-first heap   total 138240K, used 93364K [0x0000000080000000, 0x0000000100000000)
  region size 1024K, 26 young (26624K), 4 survivors (4096K)
 Metaspace       used 85258K, capacity 87182K, committed 87244K, reserved 1124352K
  class space    used 11041K, capacity 11744K, committed 11776K, reserved 1048576K
GC Heap History (20 events):
Event: 14.005 GC heap before
{Heap before GC invocations=21 (full 0):
 garbage-first heap   total 114688K, used 86630K [0x0000000080000000, 0x0000000100000000)
  region size 1024K, 38 young (38912K), 3 survivors (3072K)
 Metaspace       used 64244K, capacity 65749K, committed 65996K, reserved 1105920K
  class space    used 8104K, capacity 8666K, committed 8704K, reserved 1048576K
}
Event: 14.014 GC heap after
{Heap after GC invocations=22 (full 0):
 garbage-first heap   total 114688K, used 55129K [0x0000000080000000, 0x0000000100000000)
  region size 1024K, 5 young (5120K), 5 survivors (5120K)
 Metaspace       used 64244K, capacity 65749K, committed 65996K, reserved 1105920K
  class space    used 8104K, capacity 8666K, committed 8704K, reserved 1048576K
}
Event: 14.401 GC heap before
{Heap before GC invocations=22 (full 0):
 garbage-first heap   total 114688K, used 89945K [0x0000000080000000, 0x0000000100000000)
  region size 1024K, 38 young (38912K), 5 survivors (5120K)
 Metaspace       used 67015K, capacity 68608K, committed 68684K, reserved 1110016K
  class space    used 8462K, capacity 9057K, committed 9088K, reserved 1048576K
}
Event: 14.408 GC heap after
{Heap after GC invocations=23 (full 0):
 garbage-first heap   total 114688K, used 57186K [0x0000000080000000, 0x0000000100000000)
  region size 1024K, 2 young (2048K), 2 survivors (2048K)
 Metaspace       used 67015K, capacity 68608K, committed 68684K, reserved 1110016K
  class space    used 8462K, capacity 9057K, committed 9088K, reserved 1048576K
}
Event: 14.762 GC heap before
{Heap before GC invocations=23 (full 0):
 garbage-first heap   total 114688K, used 90978K [0x0000000080000000, 0x0000000100000000)
  region size 1024K, 35 young (35840K), 2 survivors (2048K)
 Metaspace       used 69004K, capacity 70627K, committed 70732K, reserved 1110016K
  class space    used 8730K, capacity 9299K, committed 9344K, reserved 1048576K
}
Event: 14.767 GC heap after
{Heap after GC invocations=24 (full 0):
 garbage-first heap   total 114688K, used 59016K [0x0000000080000000, 0x0000000100000000)
  region size 1024K, 4 young (4096K), 4 survivors (4096K)
 Metaspace       used 69004K, capacity 70627K, committed 70732K, reserved 1110016K
  class space    used 8730K, capacity 9299K, committed 9344K, reserved 1048576K
}
Event: 14.921 GC heap before
{Heap before GC invocations=25 (full 0):
 garbage-first heap   total 114688K, used 91784K [0x0000000080000000, 0x0000000100000000)
  region size 1024K, 36 young (36864K), 4 survivors (4096K)
 Metaspace       used 69108K, capacity 70712K, committed 70988K, reserved 1112064K
  class space    used 8738K, capacity 9327K, committed 9344K, reserved 1048576K
}
Event: 14.927 GC heap after
{Heap after GC invocations=26 (full 0):
 garbage-first heap   total 114688K, used 61970K [0x0000000080000000, 0x0000000100000000)
  region size 1024K, 5 young (5120K), 5 survivors (5120K)
 Metaspace       used 69108K, capacity 70712K, committed 70988K, reserved 1112064K
  class space    used 8738K, capacity 9327K, committed 9344K, reserved 1048576K
}
Event: 15.302 GC heap before
{Heap before GC invocations=26 (full 0):
 garbage-first heap   total 114688K, used 93714K [0x0000000080000000, 0x0000000100000000)
  region size 1024K, 36 young (36864K), 5 survivors (5120K)
 Metaspace       used 72940K, capacity 74618K, committed 74700K, reserved 1114112K
  class space    used 9340K, capacity 9947K, committed 9984K, reserved 1048576K
}
Event: 15.311 GC heap after
{Heap after GC invocations=27 (full 0):
 garbage-first heap   total 114688K, used 63785K [0x0000000080000000, 0x0000000100000000)
  region size 1024K, 2 young (2048K), 2 survivors (2048K)
 Metaspace       used 72940K, capacity 74618K, committed 74700K, reserved 1114112K
  class space    used 9340K, capacity 9947K, committed 9984K, reserved 1048576K
}
Event: 15.691 GC heap before
{Heap before GC invocations=28 (full 0):
 garbage-first heap   total 114688K, used 94505K [0x0000000080000000, 0x0000000100000000)
  region size 1024K, 32 young (32768K), 2 survivors (2048K)
 Metaspace       used 75447K, capacity 77132K, committed 77388K, reserved 1116160K
  class space    used 9724K, capacity 10349K, committed 10368K, reserved 1048576K
}
Event: 15.697 GC heap after
{Heap after GC invocations=29 (full 0):
 garbage-first heap   total 114688K, used 65885K [0x0000000080000000, 0x0000000100000000)
  region size 1024K, 4 young (4096K), 4 survivors (4096K)
 Metaspace       used 75447K, capacity 77132K, committed 77388K, reserved 1116160K
  class space    used 9724K, capacity 10349K, committed 10368K, reserved 1048576K
}
Event: 15.880 GC heap before
{Heap before GC invocations=29 (full 0):
 garbage-first heap   total 114688K, used 95581K [0x0000000080000000, 0x0000000100000000)
  region size 1024K, 33 young (33792K), 4 survivors (4096K)
 Metaspace       used 76478K, capacity 78213K, committed 78412K, reserved 1118208K
  class space    used 9881K, capacity 10516K, committed 10624K, reserved 1048576K
}
Event: 15.886 GC heap after
{Heap after GC invocations=30 (full 0):
 garbage-first heap   total 114688K, used 68096K [0x0000000080000000, 0x0000000100000000)
  region size 1024K, 5 young (5120K), 5 survivors (5120K)
 Metaspace       used 76478K, capacity 78213K, committed 78412K, reserved 1118208K
  class space    used 9881K, capacity 10516K, committed 10624K, reserved 1048576K
}
Event: 16.138 GC heap before
{Heap before GC invocations=31 (full 0):
 garbage-first heap   total 114688K, used 95744K [0x0000000080000000, 0x0000000100000000)
  region size 1024K, 32 young (32768K), 5 survivors (5120K)
 Metaspace       used 78468K, capacity 80273K, committed 80460K, reserved 1118208K
  class space    used 10162K, capacity 10826K, committed 10880K, reserved 1048576K
}
Event: 16.144 GC heap after
{Heap after GC invocations=32 (full 0):
 garbage-first heap   total 114688K, used 70190K [0x0000000080000000, 0x0000000100000000)
  region size 1024K, 3 young (3072K), 3 survivors (3072K)
 Metaspace       used 78468K, capacity 80273K, committed 80460K, reserved 1118208K
  class space    used 10162K, capacity 10826K, committed 10880K, reserved 1048576K
}
Event: 16.419 GC heap before
{Heap before GC invocations=32 (full 0):
 garbage-first heap   total 114688K, used 94766K [0x0000000080000000, 0x0000000100000000)
  region size 1024K, 28 young (28672K), 3 survivors (3072K)
 Metaspace       used 80845K, capacity 82613K, committed 82892K, reserved 1120256K
  class space    used 10521K, capacity 11219K, committed 11264K, reserved 1048576K
}
Event: 16.424 GC heap after
{Heap after GC invocations=33 (full 0):
 garbage-first heap   total 114688K, used 71009K [0x0000000080000000, 0x0000000100000000)
  region size 1024K, 3 young (3072K), 3 survivors (3072K)
 Metaspace       used 80845K, capacity 82613K, committed 82892K, reserved 1120256K
  class space    used 10521K, capacity 11219K, committed 11264K, reserved 1048576K
}
Event: 16.830 GC heap before
{Heap before GC invocations=34 (full 0):
 garbage-first heap   total 114688K, used 95585K [0x0000000080000000, 0x0000000100000000)
  region size 1024K, 28 young (28672K), 3 survivors (3072K)
 Metaspace       used 83942K, capacity 85833K, committed 86092K, reserved 1124352K
  class space    used 10899K, capacity 11597K, committed 11648K, reserved 1048576K
}
Event: 16.836 GC heap after
{Heap after GC invocations=35 (full 0):
 garbage-first heap   total 138240K, used 72884K [0x0000000080000000, 0x0000000100000000)
  region size 1024K, 4 young (4096K), 4 survivors (4096K)
 Metaspace       used 83942K, capacity 85833K, committed 86092K, reserved 1124352K
  class space    used 10899K, capacity 11597K, committed 11648K, reserved 1048576K
}

