# JRE version: OpenJDK Runtime Environment (11.0.12+7) (build 11.0.12+7-b1504.28-7817840)
# Java VM: OpenJDK 64-Bit Server VM (11.0.12+7-b1504.28-7817840, mixed mode, tiered, compressed oops, g1 gc, windows-amd64)
Heap:
 garbage-first heap   total 493568K, used 287744K [0x0000000080000000, 0x0000000100000000)
  region size 1024K, 20 young (20480K), 9 survivors (9216K)
 Metaspace       used 111685K, capacity 114771K, committed 114892K, reserved 1148928K
  class space    used 14679K, capacity 15842K, committed 15872K, reserved 1048576K
GC Heap History (20 events):
Event: 58.554 GC heap before
{Heap before GC invocations=67 (full 0):
 garbage-first heap   total 199680K, used 179697K [0x0000000080000000, 0x0000000100000000)
  region size 1024K, 9 young (9216K), 2 survivors (2048K)
 Metaspace       used 110369K, capacity 113345K, committed 113612K, reserved 1146880K
  class space    used 14447K, capacity 15568K, committed 15616K, reserved 1048576K
}
Event: 58.568 GC heap after
{Heap after GC invocations=68 (full 0):
 garbage-first heap   total 199680K, used 177467K [0x0000000080000000, 0x0000000100000000)
  region size 1024K, 2 young (2048K), 2 survivors (2048K)
 Metaspace       used 110369K, capacity 113345K, committed 113612K, reserved 1146880K
  class space    used 14447K, capacity 15568K, committed 15616K, reserved 1048576K
}
Event: 58.596 GC heap before
{Heap before GC invocations=68 (full 0):
 garbage-first heap   total 199680K, used 186683K [0x0000000080000000, 0x0000000100000000)
  region size 1024K, 9 young (9216K), 2 survivors (2048K)
 Metaspace       used 110369K, capacity 113345K, committed 113612K, reserved 1146880K
  class space    used 14447K, capacity 15568K, committed 15616K, reserved 1048576K
}
Event: 58.607 GC heap after
{Heap after GC invocations=69 (full 0):
 garbage-first heap   total 199680K, used 183184K [0x0000000080000000, 0x0000000100000000)
  region size 1024K, 2 young (2048K), 2 survivors (2048K)
 Metaspace       used 110369K, capacity 113345K, committed 113612K, reserved 1146880K
  class space    used 14447K, capacity 15568K, committed 15616K, reserved 1048576K
}
Event: 58.669 GC heap before
{Heap before GC invocations=69 (full 0):
 garbage-first heap   total 199680K, used 190352K [0x0000000080000000, 0x0000000100000000)
  region size 1024K, 9 young (9216K), 2 survivors (2048K)
 Metaspace       used 111153K, capacity 114264K, committed 114380K, reserved 1148928K
  class space    used 14672K, capacity 15855K, committed 15872K, reserved 1048576K
}
Event: 58.677 GC heap after
{Heap after GC invocations=70 (full 0):
 garbage-first heap   total 199680K, used 186528K [0x0000000080000000, 0x0000000100000000)
  region size 1024K, 2 young (2048K), 2 survivors (2048K)
 Metaspace       used 111153K, capacity 114264K, committed 114380K, reserved 1148928K
  class space    used 14672K, capacity 15855K, committed 15872K, reserved 1048576K
}
Event: 59.171 GC heap before
{Heap before GC invocations=71 (full 0):
 garbage-first heap   total 199680K, used 193696K [0x0000000080000000, 0x0000000100000000)
  region size 1024K, 9 young (9216K), 2 survivors (2048K)
 Metaspace       used 111509K, capacity 114577K, committed 114636K, reserved 1148928K
  class space    used 14680K, capacity 15850K, committed 15872K, reserved 1048576K
}
Event: 59.183 GC heap after
{Heap after GC invocations=72 (full 0):
 garbage-first heap   total 251904K, used 190265K [0x0000000080000000, 0x0000000100000000)
  region size 1024K, 2 young (2048K), 2 survivors (2048K)
 Metaspace       used 111509K, capacity 114577K, committed 114636K, reserved 1148928K
  class space    used 14680K, capacity 15850K, committed 15872K, reserved 1048576K
}
Event: 59.260 GC heap before
{Heap before GC invocations=72 (full 0):
 garbage-first heap   total 251904K, used 204601K [0x0000000080000000, 0x0000000100000000)
  region size 1024K, 16 young (16384K), 2 survivors (2048K)
 Metaspace       used 111567K, capacity 114648K, committed 114892K, reserved 1148928K
  class space    used 14680K, capacity 15850K, committed 15872K, reserved 1048576K
}
Event: 59.272 GC heap after
{Heap after GC invocations=73 (full 0):
 garbage-first heap   total 251904K, used 198114K [0x0000000080000000, 0x0000000100000000)
  region size 1024K, 2 young (2048K), 2 survivors (2048K)
 Metaspace       used 111567K, capacity 114648K, committed 114892K, reserved 1148928K
  class space    used 14680K, capacity 15850K, committed 15872K, reserved 1048576K
}
Event: 59.323 GC heap before
{Heap before GC invocations=73 (full 0):
 garbage-first heap   total 251904K, used 208354K [0x0000000080000000, 0x0000000100000000)
  region size 1024K, 13 young (13312K), 2 survivors (2048K)
 Metaspace       used 111574K, capacity 114649K, committed 114892K, reserved 1148928K
  class space    used 14680K, capacity 15850K, committed 15872K, reserved 1048576K
}
Event: 59.334 GC heap after
{Heap after GC invocations=74 (full 0):
 garbage-first heap   total 251904K, used 204398K [0x0000000080000000, 0x0000000100000000)
  region size 1024K, 2 young (2048K), 2 survivors (2048K)
 Metaspace       used 111574K, capacity 114649K, committed 114892K, reserved 1148928K
  class space    used 14680K, capacity 15850K, committed 15872K, reserved 1048576K
}
Event: 59.381 GC heap before
{Heap before GC invocations=74 (full 0):
 garbage-first heap   total 251904K, used 213614K [0x0000000080000000, 0x0000000100000000)
  region size 1024K, 12 young (12288K), 2 survivors (2048K)
 Metaspace       used 111583K, capacity 114650K, committed 114892K, reserved 1148928K
  class space    used 14680K, capacity 15850K, committed 15872K, reserved 1048576K
}
Event: 59.393 GC heap after
{Heap after GC invocations=75 (full 0):
 garbage-first heap   total 251904K, used 210504K [0x0000000080000000, 0x0000000100000000)
  region size 1024K, 2 young (2048K), 2 survivors (2048K)
 Metaspace       used 111583K, capacity 114650K, committed 114892K, reserved 1148928K
  class space    used 14680K, capacity 15850K, committed 15872K, reserved 1048576K
}
Event: 59.443 GC heap before
{Heap before GC invocations=75 (full 0):
 garbage-first heap   total 251904K, used 220744K [0x0000000080000000, 0x0000000100000000)
  region size 1024K, 12 young (12288K), 2 survivors (2048K)
 Metaspace       used 111587K, capacity 114650K, committed 114892K, reserved 1148928K
  class space    used 14680K, capacity 15850K, committed 15872K, reserved 1048576K
}
Event: 59.461 GC heap after
{Heap after GC invocations=76 (full 0):
 garbage-first heap   total 493568K, used 216054K [0x0000000080000000, 0x0000000100000000)
  region size 1024K, 2 young (2048K), 2 survivors (2048K)
 Metaspace       used 111587K, capacity 114650K, committed 114892K, reserved 1148928K
  class space    used 14680K, capacity 15850K, committed 15872K, reserved 1048576K
}
Event: 59.882 GC heap before
{Heap before GC invocations=77 (full 0):
 garbage-first heap   total 493568K, used 294902K [0x0000000080000000, 0x0000000100000000)
  region size 1024K, 78 young (79872K), 2 survivors (2048K)
 Metaspace       used 111582K, capacity 114628K, committed 114892K, reserved 1148928K
  class space    used 14675K, capacity 15840K, committed 15872K, reserved 1048576K
}
Event: 59.941 GC heap after
{Heap after GC invocations=78 (full 0):
 garbage-first heap   total 493568K, used 257788K [0x0000000080000000, 0x0000000100000000)
  region size 1024K, 10 young (10240K), 10 survivors (10240K)
 Metaspace       used 111582K, capacity 114628K, committed 114892K, reserved 1148928K
  class space    used 14675K, capacity 15840K, committed 15872K, reserved 1048576K
}
Event: 60.073 GC heap before
{Heap before GC invocations=78 (full 0):
 garbage-first heap   total 493568K, used 293628K [0x0000000080000000, 0x0000000100000000)
  region size 1024K, 46 young (47104K), 10 survivors (10240K)
 Metaspace       used 111582K, capacity 114628K, committed 114892K, reserved 1148928K
  class space    used 14675K, capacity 15840K, committed 15872K, reserved 1048576K
}
Event: 60.119 GC heap after
{Heap after GC invocations=79 (full 0):
 garbage-first heap   total 493568K, used 276480K [0x0000000080000000, 0x0000000100000000)
  region size 1024K, 9 young (9216K), 9 survivors (9216K)
 Metaspace       used 111582K, capacity 114628K, committed 114892K, reserved 1148928K
  class space    used 14675K, capacity 15840K, committed 15872K, reserved 1048576K
}

