# JRE version: OpenJDK Runtime Environment (11.0.12+7) (build 11.0.12+7-b1504.28-7817840)
# Java VM: OpenJDK 64-Bit Server VM (11.0.12+7-b1504.28-7817840, mixed mode, tiered, compressed oops, g1 gc, windows-amd64)
Heap:
 garbage-first heap   total 558080K, used 254464K [0x0000000080000000, 0x0000000100000000)
  region size 1024K, 6 young (6144K), 6 survivors (6144K)
 Metaspace       used 127882K, capacity 131389K, committed 131712K, reserved 1163264K
  class space    used 16062K, capacity 17440K, committed 17536K, reserved 1048576K
GC Heap History (20 events):
Event: 152.838 GC heap after
{Heap after GC invocations=106 (full 0):
 garbage-first heap   total 164864K, used 141253K [0x0000000080000000, 0x0000000100000000)
  region size 1024K, 1 young (1024K), 1 survivors (1024K)
 Metaspace       used 125367K, capacity 128769K, committed 129024K, reserved 1161216K
  class space    used 15794K, capacity 17077K, committed 17152K, reserved 1048576K
}
Event: 152.899 GC heap before
{Heap before GC invocations=106 (full 0):
 garbage-first heap   total 164864K, used 148421K [0x0000000080000000, 0x0000000100000000)
  region size 1024K, 8 young (8192K), 1 survivors (1024K)
 Metaspace       used 125430K, capacity 128800K, committed 129024K, reserved 1161216K
  class space    used 15803K, capacity 17086K, committed 17152K, reserved 1048576K
}
Event: 152.903 GC heap after
{Heap after GC invocations=107 (full 0):
 garbage-first heap   total 164864K, used 142880K [0x0000000080000000, 0x0000000100000000)
  region size 1024K, 1 young (1024K), 1 survivors (1024K)
 Metaspace       used 125430K, capacity 128800K, committed 129024K, reserved 1161216K
  class space    used 15803K, capacity 17086K, committed 17152K, reserved 1048576K
}
Event: 152.993 GC heap before
{Heap before GC invocations=107 (full 0):
 garbage-first heap   total 164864K, used 150048K [0x0000000080000000, 0x0000000100000000)
  region size 1024K, 8 young (8192K), 1 survivors (1024K)
 Metaspace       used 125686K, capacity 129127K, committed 129280K, reserved 1161216K
  class space    used 15847K, capacity 17147K, committed 17152K, reserved 1048576K
}
Event: 153.015 GC heap after
{Heap after GC invocations=108 (full 0):
 garbage-first heap   total 164864K, used 144294K [0x0000000080000000, 0x0000000100000000)
  region size 1024K, 1 young (1024K), 1 survivors (1024K)
 Metaspace       used 125686K, capacity 129127K, committed 129280K, reserved 1161216K
  class space    used 15847K, capacity 17147K, committed 17152K, reserved 1048576K
}
Event: 153.534 GC heap before
{Heap before GC invocations=108 (full 0):
 garbage-first heap   total 164864K, used 150438K [0x0000000080000000, 0x0000000100000000)
  region size 1024K, 8 young (8192K), 1 survivors (1024K)
 Metaspace       used 125907K, capacity 129317K, committed 129664K, reserved 1161216K
  class space    used 15868K, capacity 17186K, committed 17280K, reserved 1048576K
}
Event: 153.540 GC heap after
{Heap after GC invocations=109 (full 0):
 garbage-first heap   total 164864K, used 145225K [0x0000000080000000, 0x0000000100000000)
  region size 1024K, 1 young (1024K), 1 survivors (1024K)
 Metaspace       used 125907K, capacity 129317K, committed 129664K, reserved 1161216K
  class space    used 15868K, capacity 17186K, committed 17280K, reserved 1048576K
}
Event: 153.659 GC heap before
{Heap before GC invocations=109 (full 0):
 garbage-first heap   total 164864K, used 152393K [0x0000000080000000, 0x0000000100000000)
  region size 1024K, 8 young (8192K), 1 survivors (1024K)
 Metaspace       used 126060K, capacity 129492K, committed 129664K, reserved 1161216K
  class space    used 15883K, capacity 17197K, committed 17280K, reserved 1048576K
}
Event: 153.667 GC heap after
{Heap after GC invocations=110 (full 0):
 garbage-first heap   total 345088K, used 145168K [0x0000000080000000, 0x0000000100000000)
  region size 1024K, 1 young (1024K), 1 survivors (1024K)
 Metaspace       used 126060K, capacity 129492K, committed 129664K, reserved 1161216K
  class space    used 15883K, capacity 17197K, committed 17280K, reserved 1048576K
}
Event: 154.422 GC heap before
{Heap before GC invocations=110 (full 0):
 garbage-first heap   total 345088K, used 217872K [0x0000000080000000, 0x0000000100000000)
  region size 1024K, 72 young (73728K), 1 survivors (1024K)
 Metaspace       used 126934K, capacity 130380K, committed 130560K, reserved 1163264K
  class space    used 15971K, capacity 17312K, committed 17408K, reserved 1048576K
}
Event: 154.442 GC heap after
{Heap after GC invocations=111 (full 0):
 garbage-first heap   total 345088K, used 156811K [0x0000000080000000, 0x0000000100000000)
  region size 1024K, 9 young (9216K), 9 survivors (9216K)
 Metaspace       used 126934K, capacity 130380K, committed 130560K, reserved 1163264K
  class space    used 15971K, capacity 17312K, committed 17408K, reserved 1048576K
}
Event: 156.086 GC heap before
{Heap before GC invocations=112 (full 0):
 garbage-first heap   total 345088K, used 232587K [0x0000000080000000, 0x0000000100000000)
  region size 1024K, 83 young (84992K), 9 survivors (9216K)
 Metaspace       used 127405K, capacity 130940K, committed 131072K, reserved 1163264K
  class space    used 15992K, capacity 17338K, committed 17408K, reserved 1048576K
}
Event: 156.115 GC heap after
{Heap after GC invocations=113 (full 0):
 garbage-first heap   total 345088K, used 164693K [0x0000000080000000, 0x0000000100000000)
  region size 1024K, 9 young (9216K), 9 survivors (9216K)
 Metaspace       used 127405K, capacity 130940K, committed 131072K, reserved 1163264K
  class space    used 15992K, capacity 17338K, committed 17408K, reserved 1048576K
}
Event: 156.513 GC heap before
{Heap before GC invocations=113 (full 0):
 garbage-first heap   total 345088K, used 198485K [0x0000000080000000, 0x0000000100000000)
  region size 1024K, 43 young (44032K), 9 survivors (9216K)
 Metaspace       used 127545K, capacity 131046K, committed 131328K, reserved 1163264K
  class space    used 16013K, capacity 17352K, committed 17408K, reserved 1048576K
}
Event: 156.521 GC heap after
{Heap after GC invocations=114 (full 0):
 garbage-first heap   total 345088K, used 165186K [0x0000000080000000, 0x0000000100000000)
  region size 1024K, 3 young (3072K), 3 survivors (3072K)
 Metaspace       used 127545K, capacity 131046K, committed 131328K, reserved 1163264K
  class space    used 16013K, capacity 17352K, committed 17408K, reserved 1048576K
}
Event: 157.514 GC heap before
{Heap before GC invocations=114 (full 0):
 garbage-first heap   total 345088K, used 286018K [0x0000000080000000, 0x0000000100000000)
  region size 1024K, 70 young (71680K), 3 survivors (3072K)
 Metaspace       used 127877K, capacity 131389K, committed 131712K, reserved 1163264K
  class space    used 16062K, capacity 17440K, committed 17536K, reserved 1048576K
}
Event: 157.520 GC heap after
{Heap after GC invocations=115 (full 0):
 garbage-first heap   total 345088K, used 210516K [0x0000000080000000, 0x0000000100000000)
  region size 1024K, 9 young (9216K), 9 survivors (9216K)
 Metaspace       used 127877K, capacity 131389K, committed 131712K, reserved 1163264K
  class space    used 16062K, capacity 17440K, committed 17536K, reserved 1048576K
}
Event: 157.683 GC heap before
{Heap before GC invocations=115 (full 0):
 garbage-first heap   total 345088K, used 286292K [0x0000000080000000, 0x0000000100000000)
  region size 1024K, 68 young (69632K), 9 survivors (9216K)
 Metaspace       used 127882K, capacity 131389K, committed 131712K, reserved 1163264K
  class space    used 16062K, capacity 17440K, committed 17536K, reserved 1048576K
}
Event: 157.722 GC heap after
{Heap after GC invocations=116 (full 0):
 garbage-first heap   total 345088K, used 242839K [0x0000000080000000, 0x0000000100000000)
  region size 1024K, 9 young (9216K), 9 survivors (9216K)
 Metaspace       used 127882K, capacity 131389K, committed 131712K, reserved 1163264K
  class space    used 16062K, capacity 17440K, committed 17536K, reserved 1048576K
}
Event: 157.795 GC heap before
{Heap before GC invocations=116 (full 0):
 garbage-first heap   total 345088K, used 264343K [0x0000000080000000, 0x0000000100000000)
  region size 1024K, 30 young (30720K), 9 survivors (9216K)
 Metaspace       used 127882K, capacity 131389K, committed 131712K, reserved 1163264K
  class space    used 16062K, capacity 17440K, committed 17536K, reserved 1048576K
}

